{"C:\\Users\\Milton Valencia R\\Documents\\Software_Projects\\task-manager-frontend\\src\\components\\custom\\CustomHeader.tsx": {"path":"C:\\Users\\Milton Valencia R\\Documents\\Software_Projects\\task-manager-frontend\\src\\components\\custom\\CustomHeader.tsx","statementMap":{"0":{"start":{"line":6,"column":6},"end":{"line":11,"column":null}},"1":{"start":{"line":6,"column":21},"end":{"line":6,"column":22}},"2":{"start":{"line":6,"column":22},"end":{"line":6,"column":63}},"3":{"start":{"line":6,"column":63},"end":{"line":9,"column":null}},"4":{"start":{"line":9,"column":3},"end":{"line":9,"column":null}},"5":{"start":{"line":9,"column":60},"end":{"line":9,"column":null}},"6":{"start":{"line":9,"column":60},"end":{"line":10,"column":null}},"7":{"start":{"line":10,"column":3},"end":{"line":10,"column":null}},"8":{"start":{"line":10,"column":23},"end":{"line":10,"column":null}},"9":{"start":{"line":10,"column":23},"end":{"line":11,"column":null}},"10":{"start":{"line":8,"column":2},"end":{"line":11,"column":null}},"11":{"start":{"line":11,"column":8},"end":{"line":11,"column":null}},"12":{"start":{"line":11,"column":8},"end":{"line":8,"column":17}}},"fnMap":{"0":{"name":"(anonymous_0)","decl":{"start":{"line":6,"column":6},"end":{"line":6,"column":21}},"loc":{"start":{"line":6,"column":21},"end":{"line":11,"column":null}},"line":6}},"branchMap":{"0":{"loc":{"start":{"line":6,"column":63},"end":{"line":9,"column":null}},"type":"if","locations":[{"start":{"line":6,"column":63},"end":{"line":9,"column":null}},{"start":{"line":9,"column":60},"end":{"line":9,"column":null}}],"line":6},"1":{"loc":{"start":{"line":9,"column":60},"end":{"line":10,"column":null}},"type":"if","locations":[{"start":{"line":9,"column":60},"end":{"line":10,"column":null}},{"start":{"line":10,"column":23},"end":{"line":10,"column":null}}],"line":9},"2":{"loc":{"start":{"line":10,"column":23},"end":{"line":11,"column":null}},"type":"if","locations":[{"start":{"line":10,"column":23},"end":{"line":11,"column":null}},{"start":{"line":11,"column":8},"end":{"line":11,"column":null}}],"line":10},"3":{"loc":{"start":{"line":10,"column":23},"end":{"line":10,"column":null}},"type":"binary-expr","locations":[{"start":{"line":10,"column":23},"end":{"line":10,"column":null}},{"start":{"line":10,"column":23},"end":{"line":10,"column":null}}],"line":10}},"s":{"0":1,"1":1,"2":1,"3":1,"4":1,"5":0,"6":1,"7":1,"8":0,"9":1,"10":1,"11":0,"12":1},"f":{"0":1},"b":{"0":[1,0],"1":[1,0],"2":[1,0],"3":[1,0]},"meta":{"lastBranch":4,"lastFunction":1,"lastStatement":13,"seen":{"s:6:6:11:Infinity":0,"f:6:6:6:21":0,"s:6:21:6:22":1,"s:6:22:6:63":2,"b:6:63:9:Infinity:9:60:9:Infinity":0,"s:6:63:9:Infinity":3,"s:9:3:9:Infinity":4,"s:9:60:9:Infinity":5,"b:9:60:10:Infinity:10:23:10:Infinity":1,"s:9:60:10:Infinity":6,"s:10:3:10:Infinity":7,"s:10:23:10:Infinity":8,"b:10:23:11:Infinity:11:8:11:Infinity":2,"s:10:23:11:Infinity":9,"b:10:23:10:Infinity:10:23:10:Infinity":3,"s:8:2:11:Infinity":10,"s:11:8:11:Infinity":11,"s:11:8:8:17":12},"fnNames":{}}}
,"C:\\Users\\Milton Valencia R\\Documents\\Software_Projects\\task-manager-frontend\\src\\components\\ui\\avatar.tsx": {"path":"C:\\Users\\Milton Valencia R\\Documents\\Software_Projects\\task-manager-frontend\\src\\components\\ui\\avatar.tsx","statementMap":{"0":{"start":{"line":6,"column":0},"end":{"line":6,"column":16}},"1":{"start":{"line":6,"column":0},"end":{"line":12,"column":null}},"2":{"start":{"line":6,"column":16},"end":{"line":6,"column":null}},"3":{"start":{"line":12,"column":1},"end":{"line":12,"column":null}},"4":{"start":{"line":8,"column":2},"end":{"line":8,"column":18}},"5":{"start":{"line":8,"column":18},"end":{"line":20,"column":null}},"6":{"start":{"line":17,"column":17},"end":{"line":20,"column":7}},"7":{"start":{"line":20,"column":7},"end":{"line":20,"column":null}},"8":{"start":{"line":20,"column":7},"end":{"line":22,"column":null}},"9":{"start":{"line":14,"column":4},"end":{"line":21,"column":null}},"10":{"start":{"line":22,"column":6},"end":{"line":22,"column":null}},"11":{"start":{"line":22,"column":6},"end":{"line":14,"column":null}},"12":{"start":{"line":26,"column":0},"end":{"line":26,"column":21}},"13":{"start":{"line":26,"column":0},"end":{"line":29,"column":null}},"14":{"start":{"line":26,"column":21},"end":{"line":26,"column":null}},"15":{"start":{"line":29,"column":53},"end":{"line":29,"column":null}},"16":{"start":{"line":29,"column":53},"end":{"line":36,"column":null}},"17":{"start":{"line":33,"column":17},"end":{"line":36,"column":7}},"18":{"start":{"line":36,"column":7},"end":{"line":36,"column":null}},"19":{"start":{"line":36,"column":7},"end":{"line":38,"column":null}},"20":{"start":{"line":31,"column":4},"end":{"line":37,"column":null}},"21":{"start":{"line":38,"column":6},"end":{"line":38,"column":null}},"22":{"start":{"line":38,"column":6},"end":{"line":31,"column":null}},"23":{"start":{"line":42,"column":0},"end":{"line":42,"column":24}},"24":{"start":{"line":42,"column":0},"end":{"line":45,"column":null}},"25":{"start":{"line":42,"column":24},"end":{"line":42,"column":null}},"26":{"start":{"line":45,"column":56},"end":{"line":45,"column":null}},"27":{"start":{"line":45,"column":56},"end":{"line":52,"column":null}},"28":{"start":{"line":49,"column":17},"end":{"line":52,"column":7}},"29":{"start":{"line":52,"column":7},"end":{"line":52,"column":null}},"30":{"start":{"line":52,"column":7},"end":{"line":54,"column":null}},"31":{"start":{"line":47,"column":4},"end":{"line":53,"column":null}},"32":{"start":{"line":54,"column":6},"end":{"line":54,"column":null}},"33":{"start":{"line":54,"column":6},"end":{"line":47,"column":null}},"34":{"start":{"line":58,"column":0},"end":{"line":58,"column":21}},"35":{"start":{"line":58,"column":0},"end":{"line":58,"column":null}},"36":{"start":{"line":58,"column":21},"end":{"line":58,"column":74}},"37":{"start":{"line":58,"column":74},"end":{"line":58,"column":null}},"38":{"start":{"line":58,"column":74},"end":{"line":68,"column":null}},"39":{"start":{"line":62,"column":17},"end":{"line":68,"column":7}},"40":{"start":{"line":68,"column":7},"end":{"line":68,"column":null}},"41":{"start":{"line":68,"column":7},"end":{"line":70,"column":null}},"42":{"start":{"line":60,"column":4},"end":{"line":69,"column":null}},"43":{"start":{"line":70,"column":6},"end":{"line":70,"column":null}},"44":{"start":{"line":70,"column":6},"end":{"line":60,"column":null}},"45":{"start":{"line":74,"column":0},"end":{"line":74,"column":21}},"46":{"start":{"line":74,"column":0},"end":{"line":74,"column":null}},"47":{"start":{"line":74,"column":21},"end":{"line":74,"column":73}},"48":{"start":{"line":74,"column":73},"end":{"line":74,"column":null}},"49":{"start":{"line":74,"column":73},"end":{"line":81,"column":null}},"50":{"start":{"line":78,"column":17},"end":{"line":81,"column":7}},"51":{"start":{"line":81,"column":7},"end":{"line":81,"column":null}},"52":{"start":{"line":81,"column":7},"end":{"line":83,"column":null}},"53":{"start":{"line":76,"column":4},"end":{"line":82,"column":null}},"54":{"start":{"line":83,"column":6},"end":{"line":83,"column":null}},"55":{"start":{"line":83,"column":6},"end":{"line":76,"column":null}},"56":{"start":{"line":87,"column":0},"end":{"line":87,"column":26}},"57":{"start":{"line":87,"column":0},"end":{"line":90,"column":null}},"58":{"start":{"line":87,"column":26},"end":{"line":87,"column":null}},"59":{"start":{"line":90,"column":30},"end":{"line":90,"column":null}},"60":{"start":{"line":90,"column":30},"end":{"line":97,"column":null}},"61":{"start":{"line":94,"column":17},"end":{"line":97,"column":7}},"62":{"start":{"line":97,"column":7},"end":{"line":97,"column":null}},"63":{"start":{"line":97,"column":7},"end":{"line":99,"column":null}},"64":{"start":{"line":92,"column":4},"end":{"line":98,"column":null}},"65":{"start":{"line":99,"column":6},"end":{"line":99,"column":null}},"66":{"start":{"line":99,"column":6},"end":{"line":92,"column":null}}},"fnMap":{"0":{"name":"Avatar","decl":{"start":{"line":6,"column":0},"end":{"line":6,"column":16}},"loc":{"start":{"line":6,"column":0},"end":{"line":22,"column":null}},"line":6},"1":{"name":"AvatarImage","decl":{"start":{"line":26,"column":0},"end":{"line":26,"column":21}},"loc":{"start":{"line":26,"column":0},"end":{"line":38,"column":null}},"line":26},"2":{"name":"AvatarFallback","decl":{"start":{"line":42,"column":0},"end":{"line":42,"column":24}},"loc":{"start":{"line":42,"column":0},"end":{"line":54,"column":null}},"line":42},"3":{"name":"AvatarBadge","decl":{"start":{"line":58,"column":0},"end":{"line":58,"column":21}},"loc":{"start":{"line":58,"column":0},"end":{"line":70,"column":null}},"line":58},"4":{"name":"AvatarGroup","decl":{"start":{"line":74,"column":0},"end":{"line":74,"column":21}},"loc":{"start":{"line":74,"column":0},"end":{"line":83,"column":null}},"line":74},"5":{"name":"AvatarGroupCount","decl":{"start":{"line":87,"column":0},"end":{"line":87,"column":26}},"loc":{"start":{"line":87,"column":0},"end":{"line":99,"column":null}},"line":87}},"branchMap":{"0":{"loc":{"start":{"line":6,"column":0},"end":{"line":12,"column":null}},"type":"if","locations":[{"start":{"line":6,"column":0},"end":{"line":12,"column":null}},{"start":{"line":12,"column":1},"end":{"line":12,"column":null}}],"line":6},"1":{"loc":{"start":{"line":8,"column":2},"end":{"line":8,"column":18}},"type":"cond-expr","locations":[{"start":{"line":8,"column":2},"end":{"line":8,"column":18}},{"start":{"line":8,"column":2},"end":{"line":8,"column":18}}],"line":8},"2":{"loc":{"start":{"line":8,"column":18},"end":{"line":20,"column":null}},"type":"if","locations":[{"start":{"line":8,"column":18},"end":{"line":20,"column":null}},{"start":{"line":20,"column":7},"end":{"line":20,"column":null}}],"line":8},"3":{"loc":{"start":{"line":20,"column":7},"end":{"line":22,"column":null}},"type":"if","locations":[{"start":{"line":20,"column":7},"end":{"line":22,"column":null}},{"start":{"line":22,"column":6},"end":{"line":22,"column":null}}],"line":20},"4":{"loc":{"start":{"line":20,"column":7},"end":{"line":20,"column":null}},"type":"binary-expr","locations":[{"start":{"line":20,"column":7},"end":{"line":20,"column":null}},{"start":{"line":20,"column":7},"end":{"line":20,"column":null}},{"start":{"line":20,"column":7},"end":{"line":20,"column":null}}],"line":20},"5":{"loc":{"start":{"line":26,"column":0},"end":{"line":29,"column":null}},"type":"if","locations":[{"start":{"line":26,"column":0},"end":{"line":29,"column":null}},{"start":{"line":29,"column":53},"end":{"line":29,"column":null}}],"line":26},"6":{"loc":{"start":{"line":29,"column":53},"end":{"line":36,"column":null}},"type":"if","locations":[{"start":{"line":29,"column":53},"end":{"line":36,"column":null}},{"start":{"line":36,"column":7},"end":{"line":36,"column":null}}],"line":29},"7":{"loc":{"start":{"line":36,"column":7},"end":{"line":38,"column":null}},"type":"if","locations":[{"start":{"line":36,"column":7},"end":{"line":38,"column":null}},{"start":{"line":38,"column":6},"end":{"line":38,"column":null}}],"line":36},"8":{"loc":{"start":{"line":36,"column":7},"end":{"line":36,"column":null}},"type":"binary-expr","locations":[{"start":{"line":36,"column":7},"end":{"line":36,"column":null}},{"start":{"line":36,"column":7},"end":{"line":36,"column":null}}],"line":36},"9":{"loc":{"start":{"line":42,"column":0},"end":{"line":45,"column":null}},"type":"if","locations":[{"start":{"line":42,"column":0},"end":{"line":45,"column":null}},{"start":{"line":45,"column":56},"end":{"line":45,"column":null}}],"line":42},"10":{"loc":{"start":{"line":45,"column":56},"end":{"line":52,"column":null}},"type":"if","locations":[{"start":{"line":45,"column":56},"end":{"line":52,"column":null}},{"start":{"line":52,"column":7},"end":{"line":52,"column":null}}],"line":45},"11":{"loc":{"start":{"line":52,"column":7},"end":{"line":54,"column":null}},"type":"if","locations":[{"start":{"line":52,"column":7},"end":{"line":54,"column":null}},{"start":{"line":54,"column":6},"end":{"line":54,"column":null}}],"line":52},"12":{"loc":{"start":{"line":52,"column":7},"end":{"line":52,"column":null}},"type":"binary-expr","locations":[{"start":{"line":52,"column":7},"end":{"line":52,"column":null}},{"start":{"line":52,"column":7},"end":{"line":52,"column":null}}],"line":52},"13":{"loc":{"start":{"line":58,"column":0},"end":{"line":58,"column":null}},"type":"if","locations":[{"start":{"line":58,"column":0},"end":{"line":58,"column":null}},{"start":{"line":58,"column":74},"end":{"line":58,"column":null}}],"line":58},"14":{"loc":{"start":{"line":58,"column":74},"end":{"line":68,"column":null}},"type":"if","locations":[{"start":{"line":58,"column":74},"end":{"line":68,"column":null}},{"start":{"line":68,"column":7},"end":{"line":68,"column":null}}],"line":58},"15":{"loc":{"start":{"line":68,"column":7},"end":{"line":70,"column":null}},"type":"if","locations":[{"start":{"line":68,"column":7},"end":{"line":70,"column":null}},{"start":{"line":70,"column":6},"end":{"line":70,"column":null}}],"line":68},"16":{"loc":{"start":{"line":68,"column":7},"end":{"line":68,"column":null}},"type":"binary-expr","locations":[{"start":{"line":68,"column":7},"end":{"line":68,"column":null}},{"start":{"line":68,"column":7},"end":{"line":68,"column":null}}],"line":68},"17":{"loc":{"start":{"line":74,"column":0},"end":{"line":74,"column":null}},"type":"if","locations":[{"start":{"line":74,"column":0},"end":{"line":74,"column":null}},{"start":{"line":74,"column":73},"end":{"line":74,"column":null}}],"line":74},"18":{"loc":{"start":{"line":74,"column":73},"end":{"line":81,"column":null}},"type":"if","locations":[{"start":{"line":74,"column":73},"end":{"line":81,"column":null}},{"start":{"line":81,"column":7},"end":{"line":81,"column":null}}],"line":74},"19":{"loc":{"start":{"line":81,"column":7},"end":{"line":83,"column":null}},"type":"if","locations":[{"start":{"line":81,"column":7},"end":{"line":83,"column":null}},{"start":{"line":83,"column":6},"end":{"line":83,"column":null}}],"line":81},"20":{"loc":{"start":{"line":81,"column":7},"end":{"line":81,"column":null}},"type":"binary-expr","locations":[{"start":{"line":81,"column":7},"end":{"line":81,"column":null}},{"start":{"line":81,"column":7},"end":{"line":81,"column":null}}],"line":81},"21":{"loc":{"start":{"line":87,"column":0},"end":{"line":90,"column":null}},"type":"if","locations":[{"start":{"line":87,"column":0},"end":{"line":90,"column":null}},{"start":{"line":90,"column":30},"end":{"line":90,"column":null}}],"line":87},"22":{"loc":{"start":{"line":90,"column":30},"end":{"line":97,"column":null}},"type":"if","locations":[{"start":{"line":90,"column":30},"end":{"line":97,"column":null}},{"start":{"line":97,"column":7},"end":{"line":97,"column":null}}],"line":90},"23":{"loc":{"start":{"line":97,"column":7},"end":{"line":99,"column":null}},"type":"if","locations":[{"start":{"line":97,"column":7},"end":{"line":99,"column":null}},{"start":{"line":99,"column":6},"end":{"line":99,"column":null}}],"line":97},"24":{"loc":{"start":{"line":97,"column":7},"end":{"line":97,"column":null}},"type":"binary-expr","locations":[{"start":{"line":97,"column":7},"end":{"line":97,"column":null}},{"start":{"line":97,"column":7},"end":{"line":97,"column":null}}],"line":97}},"s":{"0":1,"1":1,"2":1,"3":0,"4":1,"5":1,"6":1,"7":0,"8":1,"9":1,"10":0,"11":1,"12":1,"13":1,"14":1,"15":0,"16":1,"17":1,"18":0,"19":1,"20":1,"21":0,"22":1,"23":1,"24":1,"25":1,"26":0,"27":1,"28":1,"29":0,"30":1,"31":1,"32":0,"33":1,"34":0,"35":0,"36":0,"37":0,"38":0,"39":0,"40":0,"41":0,"42":0,"43":0,"44":0,"45":0,"46":0,"47":0,"48":0,"49":0,"50":0,"51":0,"52":0,"53":0,"54":0,"55":0,"56":0,"57":0,"58":0,"59":0,"60":0,"61":0,"62":0,"63":0,"64":0,"65":0,"66":0},"f":{"0":1,"1":1,"2":1,"3":0,"4":0,"5":0},"b":{"0":[1,0],"1":[1,0],"2":[1,0],"3":[1,0],"4":[1,0,0],"5":[1,0],"6":[1,0],"7":[1,0],"8":[1,0],"9":[1,0],"10":[1,0],"11":[1,0],"12":[1,0],"13":[0,0],"14":[0,0],"15":[0,0],"16":[0,0],"17":[0,0],"18":[0,0],"19":[0,0],"20":[0,0],"21":[0,0],"22":[0,0],"23":[0,0],"24":[0,0]},"meta":{"lastBranch":25,"lastFunction":6,"lastStatement":67,"seen":{"f:6:0:6:16":0,"s:6:0:6:16":0,"b:6:0:12:Infinity:12:1:12:Infinity":0,"s:6:0:12:Infinity":1,"s:6:16:6:Infinity":2,"s:12:1:12:Infinity":3,"s:8:2:8:18":4,"b:8:2:8:18:8:2:8:18":1,"b:8:18:20:Infinity:20:7:20:Infinity":2,"s:8:18:20:Infinity":5,"s:17:17:20:7":6,"s:20:7:20:Infinity":7,"b:20:7:22:Infinity:22:6:22:Infinity":3,"s:20:7:22:Infinity":8,"b:20:7:20:Infinity:20:7:20:Infinity:20:7:20:Infinity":4,"s:14:4:21:Infinity":9,"s:22:6:22:Infinity":10,"s:22:6:14:Infinity":11,"f:26:0:26:21":1,"s:26:0:26:21":12,"b:26:0:29:Infinity:29:53:29:Infinity":5,"s:26:0:29:Infinity":13,"s:26:21:26:Infinity":14,"s:29:53:29:Infinity":15,"b:29:53:36:Infinity:36:7:36:Infinity":6,"s:29:53:36:Infinity":16,"s:33:17:36:7":17,"s:36:7:36:Infinity":18,"b:36:7:38:Infinity:38:6:38:Infinity":7,"s:36:7:38:Infinity":19,"b:36:7:36:Infinity:36:7:36:Infinity":8,"s:31:4:37:Infinity":20,"s:38:6:38:Infinity":21,"s:38:6:31:Infinity":22,"f:42:0:42:24":2,"s:42:0:42:24":23,"b:42:0:45:Infinity:45:56:45:Infinity":9,"s:42:0:45:Infinity":24,"s:42:24:42:Infinity":25,"s:45:56:45:Infinity":26,"b:45:56:52:Infinity:52:7:52:Infinity":10,"s:45:56:52:Infinity":27,"s:49:17:52:7":28,"s:52:7:52:Infinity":29,"b:52:7:54:Infinity:54:6:54:Infinity":11,"s:52:7:54:Infinity":30,"b:52:7:52:Infinity:52:7:52:Infinity":12,"s:47:4:53:Infinity":31,"s:54:6:54:Infinity":32,"s:54:6:47:Infinity":33,"f:58:0:58:21":3,"s:58:0:58:21":34,"b:58:0:58:Infinity:58:74:58:Infinity":13,"s:58:0:58:Infinity":35,"s:58:21:58:74":36,"s:58:74:58:Infinity":37,"b:58:74:68:Infinity:68:7:68:Infinity":14,"s:58:74:68:Infinity":38,"s:62:17:68:7":39,"s:68:7:68:Infinity":40,"b:68:7:70:Infinity:70:6:70:Infinity":15,"s:68:7:70:Infinity":41,"b:68:7:68:Infinity:68:7:68:Infinity":16,"s:60:4:69:Infinity":42,"s:70:6:70:Infinity":43,"s:70:6:60:Infinity":44,"f:74:0:74:21":4,"s:74:0:74:21":45,"b:74:0:74:Infinity:74:73:74:Infinity":17,"s:74:0:74:Infinity":46,"s:74:21:74:73":47,"s:74:73:74:Infinity":48,"b:74:73:81:Infinity:81:7:81:Infinity":18,"s:74:73:81:Infinity":49,"s:78:17:81:7":50,"s:81:7:81:Infinity":51,"b:81:7:83:Infinity:83:6:83:Infinity":19,"s:81:7:83:Infinity":52,"b:81:7:81:Infinity:81:7:81:Infinity":20,"s:76:4:82:Infinity":53,"s:83:6:83:Infinity":54,"s:83:6:76:Infinity":55,"f:87:0:87:26":5,"s:87:0:87:26":56,"b:87:0:90:Infinity:90:30:90:Infinity":21,"s:87:0:90:Infinity":57,"s:87:26:87:Infinity":58,"s:90:30:90:Infinity":59,"b:90:30:97:Infinity:97:7:97:Infinity":22,"s:90:30:97:Infinity":60,"s:94:17:97:7":61,"s:97:7:97:Infinity":62,"b:97:7:99:Infinity:99:6:99:Infinity":23,"s:97:7:99:Infinity":63,"b:97:7:97:Infinity:97:7:97:Infinity":24,"s:92:4:98:Infinity":64,"s:99:6:99:Infinity":65,"s:99:6:92:Infinity":66},"fnNames":{}}}
,"C:\\Users\\Milton Valencia R\\Documents\\Software_Projects\\task-manager-frontend\\src\\components\\ui\\button.tsx": {"path":"C:\\Users\\Milton Valencia R\\Documents\\Software_Projects\\task-manager-frontend\\src\\components\\ui\\button.tsx","statementMap":{"0":{"start":{"line":7,"column":6},"end":{"line":42,"column":null}},"1":{"start":{"line":44,"column":0},"end":{"line":44,"column":16}},"2":{"start":{"line":44,"column":0},"end":{"line":53,"column":null}},"3":{"start":{"line":44,"column":16},"end":{"line":44,"column":null}},"4":{"start":{"line":53,"column":3},"end":{"line":53,"column":null}},"5":{"start":{"line":46,"column":2},"end":{"line":46,"column":null}},"6":{"start":{"line":47,"column":2},"end":{"line":47,"column":null}},"7":{"start":{"line":48,"column":2},"end":{"line":48,"column":null}},"8":{"start":{"line":54,"column":15},"end":{"line":54,"column":25}},"9":{"start":{"line":54,"column":45},"end":{"line":61,"column":null}},"10":{"start":{"line":61,"column":17},"end":{"line":61,"column":65}},"11":{"start":{"line":61,"column":65},"end":{"line":61,"column":null}},"12":{"start":{"line":61,"column":65},"end":{"line":63,"column":null}},"13":{"start":{"line":57,"column":4},"end":{"line":62,"column":null}},"14":{"start":{"line":63,"column":6},"end":{"line":63,"column":null}},"15":{"start":{"line":63,"column":6},"end":{"line":57,"column":5}}},"fnMap":{"0":{"name":"Button","decl":{"start":{"line":44,"column":0},"end":{"line":44,"column":16}},"loc":{"start":{"line":44,"column":0},"end":{"line":63,"column":null}},"line":44}},"branchMap":{"0":{"loc":{"start":{"line":44,"column":0},"end":{"line":53,"column":null}},"type":"if","locations":[{"start":{"line":44,"column":0},"end":{"line":53,"column":null}},{"start":{"line":53,"column":3},"end":{"line":53,"column":null}}],"line":44},"1":{"loc":{"start":{"line":46,"column":2},"end":{"line":46,"column":null}},"type":"cond-expr","locations":[{"start":{"line":46,"column":2},"end":{"line":46,"column":null}},{"start":{"line":46,"column":2},"end":{"line":46,"column":null}}],"line":46},"2":{"loc":{"start":{"line":47,"column":2},"end":{"line":47,"column":null}},"type":"cond-expr","locations":[{"start":{"line":47,"column":2},"end":{"line":47,"column":null}},{"start":{"line":47,"column":2},"end":{"line":47,"column":null}}],"line":47},"3":{"loc":{"start":{"line":48,"column":2},"end":{"line":48,"column":null}},"type":"cond-expr","locations":[{"start":{"line":48,"column":2},"end":{"line":48,"column":null}},{"start":{"line":48,"column":2},"end":{"line":48,"column":null}}],"line":48},"4":{"loc":{"start":{"line":54,"column":15},"end":{"line":54,"column":25}},"type":"cond-expr","locations":[{"start":{"line":54,"column":25},"end":{"line":54,"column":45}},{"start":{"line":54,"column":15},"end":{"line":54,"column":25}}],"line":54},"5":{"loc":{"start":{"line":54,"column":45},"end":{"line":61,"column":null}},"type":"if","locations":[{"start":{"line":54,"column":45},"end":{"line":61,"column":null}},{"start":{"line":61,"column":65},"end":{"line":61,"column":null}}],"line":54},"6":{"loc":{"start":{"line":54,"column":45},"end":{"line":54,"column":null}},"type":"binary-expr","locations":[{"start":{"line":54,"column":45},"end":{"line":54,"column":null}},{"start":{"line":54,"column":45},"end":{"line":54,"column":null}},{"start":{"line":54,"column":45},"end":{"line":54,"column":null}}],"line":54},"7":{"loc":{"start":{"line":61,"column":65},"end":{"line":63,"column":null}},"type":"if","locations":[{"start":{"line":61,"column":65},"end":{"line":63,"column":null}},{"start":{"line":63,"column":6},"end":{"line":63,"column":null}}],"line":61},"8":{"loc":{"start":{"line":61,"column":65},"end":{"line":61,"column":null}},"type":"binary-expr","locations":[{"start":{"line":61,"column":65},"end":{"line":61,"column":null}},{"start":{"line":61,"column":65},"end":{"line":61,"column":null}},{"start":{"line":61,"column":65},"end":{"line":61,"column":null}},{"start":{"line":61,"column":65},"end":{"line":61,"column":null}},{"start":{"line":61,"column":65},"end":{"line":61,"column":null}}],"line":61}},"s":{"0":3,"1":11,"2":11,"3":11,"4":0,"5":11,"6":11,"7":11,"8":11,"9":11,"10":9,"11":2,"12":11,"13":11,"14":0,"15":11},"f":{"0":11},"b":{"0":[11,0],"1":[7,4],"2":[7,4],"3":[11,0],"4":[0,11],"5":[9,2],"6":[11,2,2],"7":[11,0],"8":[11,2,0,0,0]},"meta":{"lastBranch":9,"lastFunction":1,"lastStatement":16,"seen":{"s:7:6:42:Infinity":0,"f:44:0:44:16":0,"s:44:0:44:16":1,"b:44:0:53:Infinity:53:3:53:Infinity":0,"s:44:0:53:Infinity":2,"s:44:16:44:Infinity":3,"s:53:3:53:Infinity":4,"s:46:2:46:Infinity":5,"b:46:2:46:Infinity:46:2:46:Infinity":1,"s:47:2:47:Infinity":6,"b:47:2:47:Infinity:47:2:47:Infinity":2,"s:48:2:48:Infinity":7,"b:48:2:48:Infinity:48:2:48:Infinity":3,"s:54:15:54:25":8,"b:54:25:54:45:54:15:54:25":4,"b:54:45:61:Infinity:61:65:61:Infinity":5,"s:54:45:61:Infinity":9,"b:54:45:54:Infinity:54:45:54:Infinity:54:45:54:Infinity":6,"s:61:17:61:65":10,"s:61:65:61:Infinity":11,"b:61:65:63:Infinity:63:6:63:Infinity":7,"s:61:65:63:Infinity":12,"b:61:65:61:Infinity:61:65:61:Infinity:61:65:61:Infinity:61:65:61:Infinity:61:65:61:Infinity":8,"s:57:4:62:Infinity":13,"s:63:6:63:Infinity":14,"s:63:6:57:5":15},"fnNames":{}}}
,"C:\\Users\\Milton Valencia R\\Documents\\Software_Projects\\task-manager-frontend\\src\\components\\ui\\card.tsx": {"path":"C:\\Users\\Milton Valencia R\\Documents\\Software_Projects\\task-manager-frontend\\src\\components\\ui\\card.tsx","statementMap":{"0":{"start":{"line":5,"column":0},"end":{"line":5,"column":14}},"1":{"start":{"line":5,"column":0},"end":{"line":9,"column":null}},"2":{"start":{"line":5,"column":14},"end":{"line":5,"column":null}},"3":{"start":{"line":9,"column":60},"end":{"line":9,"column":null}},"4":{"start":{"line":7,"column":2},"end":{"line":7,"column":18}},"5":{"start":{"line":7,"column":18},"end":{"line":17,"column":null}},"6":{"start":{"line":14,"column":17},"end":{"line":17,"column":7}},"7":{"start":{"line":17,"column":7},"end":{"line":17,"column":null}},"8":{"start":{"line":17,"column":7},"end":{"line":19,"column":null}},"9":{"start":{"line":11,"column":4},"end":{"line":18,"column":null}},"10":{"start":{"line":19,"column":6},"end":{"line":19,"column":null}},"11":{"start":{"line":19,"column":6},"end":{"line":11,"column":null}},"12":{"start":{"line":23,"column":0},"end":{"line":23,"column":20}},"13":{"start":{"line":23,"column":0},"end":{"line":23,"column":null}},"14":{"start":{"line":23,"column":20},"end":{"line":23,"column":72}},"15":{"start":{"line":23,"column":72},"end":{"line":23,"column":null}},"16":{"start":{"line":23,"column":72},"end":{"line":30,"column":null}},"17":{"start":{"line":27,"column":17},"end":{"line":30,"column":7}},"18":{"start":{"line":30,"column":7},"end":{"line":30,"column":null}},"19":{"start":{"line":30,"column":7},"end":{"line":32,"column":null}},"20":{"start":{"line":25,"column":4},"end":{"line":31,"column":null}},"21":{"start":{"line":32,"column":6},"end":{"line":32,"column":null}},"22":{"start":{"line":32,"column":6},"end":{"line":25,"column":null}},"23":{"start":{"line":36,"column":0},"end":{"line":36,"column":19}},"24":{"start":{"line":36,"column":0},"end":{"line":36,"column":null}},"25":{"start":{"line":36,"column":19},"end":{"line":36,"column":71}},"26":{"start":{"line":36,"column":71},"end":{"line":36,"column":null}},"27":{"start":{"line":36,"column":71},"end":{"line":43,"column":null}},"28":{"start":{"line":40,"column":17},"end":{"line":43,"column":7}},"29":{"start":{"line":43,"column":7},"end":{"line":43,"column":null}},"30":{"start":{"line":43,"column":7},"end":{"line":45,"column":null}},"31":{"start":{"line":38,"column":4},"end":{"line":44,"column":null}},"32":{"start":{"line":45,"column":6},"end":{"line":45,"column":null}},"33":{"start":{"line":45,"column":6},"end":{"line":38,"column":null}},"34":{"start":{"line":49,"column":0},"end":{"line":49,"column":25}},"35":{"start":{"line":49,"column":0},"end":{"line":49,"column":null}},"36":{"start":{"line":49,"column":25},"end":{"line":49,"column":77}},"37":{"start":{"line":49,"column":77},"end":{"line":49,"column":null}},"38":{"start":{"line":49,"column":77},"end":{"line":53,"column":null}},"39":{"start":{"line":53,"column":17},"end":{"line":53,"column":63}},"40":{"start":{"line":53,"column":63},"end":{"line":53,"column":null}},"41":{"start":{"line":53,"column":63},"end":{"line":55,"column":null}},"42":{"start":{"line":51,"column":4},"end":{"line":54,"column":null}},"43":{"start":{"line":55,"column":6},"end":{"line":55,"column":null}},"44":{"start":{"line":55,"column":6},"end":{"line":51,"column":null}},"45":{"start":{"line":59,"column":0},"end":{"line":59,"column":20}},"46":{"start":{"line":59,"column":0},"end":{"line":59,"column":null}},"47":{"start":{"line":59,"column":20},"end":{"line":59,"column":72}},"48":{"start":{"line":59,"column":72},"end":{"line":59,"column":null}},"49":{"start":{"line":59,"column":72},"end":{"line":66,"column":null}},"50":{"start":{"line":63,"column":17},"end":{"line":66,"column":7}},"51":{"start":{"line":66,"column":7},"end":{"line":66,"column":null}},"52":{"start":{"line":66,"column":7},"end":{"line":68,"column":null}},"53":{"start":{"line":61,"column":4},"end":{"line":67,"column":null}},"54":{"start":{"line":68,"column":6},"end":{"line":68,"column":null}},"55":{"start":{"line":68,"column":6},"end":{"line":61,"column":null}},"56":{"start":{"line":72,"column":0},"end":{"line":72,"column":21}},"57":{"start":{"line":72,"column":0},"end":{"line":72,"column":null}},"58":{"start":{"line":72,"column":21},"end":{"line":72,"column":73}},"59":{"start":{"line":72,"column":73},"end":{"line":72,"column":null}},"60":{"start":{"line":72,"column":73},"end":{"line":76,"column":null}},"61":{"start":{"line":76,"column":17},"end":{"line":76,"column":53}},"62":{"start":{"line":76,"column":53},"end":{"line":76,"column":null}},"63":{"start":{"line":76,"column":53},"end":{"line":78,"column":null}},"64":{"start":{"line":74,"column":4},"end":{"line":77,"column":null}},"65":{"start":{"line":78,"column":6},"end":{"line":78,"column":null}},"66":{"start":{"line":78,"column":6},"end":{"line":74,"column":null}},"67":{"start":{"line":82,"column":0},"end":{"line":82,"column":20}},"68":{"start":{"line":82,"column":0},"end":{"line":82,"column":null}},"69":{"start":{"line":82,"column":20},"end":{"line":82,"column":72}},"70":{"start":{"line":82,"column":72},"end":{"line":82,"column":null}},"71":{"start":{"line":82,"column":72},"end":{"line":89,"column":null}},"72":{"start":{"line":86,"column":17},"end":{"line":89,"column":7}},"73":{"start":{"line":89,"column":7},"end":{"line":89,"column":null}},"74":{"start":{"line":89,"column":7},"end":{"line":91,"column":null}},"75":{"start":{"line":84,"column":4},"end":{"line":90,"column":null}},"76":{"start":{"line":91,"column":6},"end":{"line":91,"column":null}},"77":{"start":{"line":91,"column":6},"end":{"line":84,"column":null}}},"fnMap":{"0":{"name":"Card","decl":{"start":{"line":5,"column":0},"end":{"line":5,"column":14}},"loc":{"start":{"line":5,"column":0},"end":{"line":19,"column":null}},"line":5},"1":{"name":"CardHeader","decl":{"start":{"line":23,"column":0},"end":{"line":23,"column":20}},"loc":{"start":{"line":23,"column":0},"end":{"line":32,"column":null}},"line":23},"2":{"name":"CardTitle","decl":{"start":{"line":36,"column":0},"end":{"line":36,"column":19}},"loc":{"start":{"line":36,"column":0},"end":{"line":45,"column":null}},"line":36},"3":{"name":"CardDescription","decl":{"start":{"line":49,"column":0},"end":{"line":49,"column":25}},"loc":{"start":{"line":49,"column":0},"end":{"line":55,"column":null}},"line":49},"4":{"name":"CardAction","decl":{"start":{"line":59,"column":0},"end":{"line":59,"column":20}},"loc":{"start":{"line":59,"column":0},"end":{"line":68,"column":null}},"line":59},"5":{"name":"CardContent","decl":{"start":{"line":72,"column":0},"end":{"line":72,"column":21}},"loc":{"start":{"line":72,"column":0},"end":{"line":78,"column":null}},"line":72},"6":{"name":"CardFooter","decl":{"start":{"line":82,"column":0},"end":{"line":82,"column":20}},"loc":{"start":{"line":82,"column":0},"end":{"line":91,"column":null}},"line":82}},"branchMap":{"0":{"loc":{"start":{"line":5,"column":0},"end":{"line":9,"column":null}},"type":"if","locations":[{"start":{"line":5,"column":0},"end":{"line":9,"column":null}},{"start":{"line":9,"column":60},"end":{"line":9,"column":null}}],"line":5},"1":{"loc":{"start":{"line":7,"column":2},"end":{"line":7,"column":18}},"type":"cond-expr","locations":[{"start":{"line":7,"column":2},"end":{"line":7,"column":18}},{"start":{"line":7,"column":2},"end":{"line":7,"column":18}}],"line":7},"2":{"loc":{"start":{"line":7,"column":18},"end":{"line":17,"column":null}},"type":"if","locations":[{"start":{"line":7,"column":18},"end":{"line":17,"column":null}},{"start":{"line":17,"column":7},"end":{"line":17,"column":null}}],"line":7},"3":{"loc":{"start":{"line":17,"column":7},"end":{"line":19,"column":null}},"type":"if","locations":[{"start":{"line":17,"column":7},"end":{"line":19,"column":null}},{"start":{"line":19,"column":6},"end":{"line":19,"column":null}}],"line":17},"4":{"loc":{"start":{"line":17,"column":7},"end":{"line":17,"column":null}},"type":"binary-expr","locations":[{"start":{"line":17,"column":7},"end":{"line":17,"column":null}},{"start":{"line":17,"column":7},"end":{"line":17,"column":null}},{"start":{"line":17,"column":7},"end":{"line":17,"column":null}}],"line":17},"5":{"loc":{"start":{"line":23,"column":0},"end":{"line":23,"column":null}},"type":"if","locations":[{"start":{"line":23,"column":0},"end":{"line":23,"column":null}},{"start":{"line":23,"column":72},"end":{"line":23,"column":null}}],"line":23},"6":{"loc":{"start":{"line":23,"column":72},"end":{"line":30,"column":null}},"type":"if","locations":[{"start":{"line":23,"column":72},"end":{"line":30,"column":null}},{"start":{"line":30,"column":7},"end":{"line":30,"column":null}}],"line":23},"7":{"loc":{"start":{"line":30,"column":7},"end":{"line":32,"column":null}},"type":"if","locations":[{"start":{"line":30,"column":7},"end":{"line":32,"column":null}},{"start":{"line":32,"column":6},"end":{"line":32,"column":null}}],"line":30},"8":{"loc":{"start":{"line":30,"column":7},"end":{"line":30,"column":null}},"type":"binary-expr","locations":[{"start":{"line":30,"column":7},"end":{"line":30,"column":null}},{"start":{"line":30,"column":7},"end":{"line":30,"column":null}}],"line":30},"9":{"loc":{"start":{"line":36,"column":0},"end":{"line":36,"column":null}},"type":"if","locations":[{"start":{"line":36,"column":0},"end":{"line":36,"column":null}},{"start":{"line":36,"column":71},"end":{"line":36,"column":null}}],"line":36},"10":{"loc":{"start":{"line":36,"column":71},"end":{"line":43,"column":null}},"type":"if","locations":[{"start":{"line":36,"column":71},"end":{"line":43,"column":null}},{"start":{"line":43,"column":7},"end":{"line":43,"column":null}}],"line":36},"11":{"loc":{"start":{"line":43,"column":7},"end":{"line":45,"column":null}},"type":"if","locations":[{"start":{"line":43,"column":7},"end":{"line":45,"column":null}},{"start":{"line":45,"column":6},"end":{"line":45,"column":null}}],"line":43},"12":{"loc":{"start":{"line":43,"column":7},"end":{"line":43,"column":null}},"type":"binary-expr","locations":[{"start":{"line":43,"column":7},"end":{"line":43,"column":null}},{"start":{"line":43,"column":7},"end":{"line":43,"column":null}}],"line":43},"13":{"loc":{"start":{"line":49,"column":0},"end":{"line":49,"column":null}},"type":"if","locations":[{"start":{"line":49,"column":0},"end":{"line":49,"column":null}},{"start":{"line":49,"column":77},"end":{"line":49,"column":null}}],"line":49},"14":{"loc":{"start":{"line":49,"column":77},"end":{"line":53,"column":null}},"type":"if","locations":[{"start":{"line":49,"column":77},"end":{"line":53,"column":null}},{"start":{"line":53,"column":63},"end":{"line":53,"column":null}}],"line":49},"15":{"loc":{"start":{"line":53,"column":63},"end":{"line":55,"column":null}},"type":"if","locations":[{"start":{"line":53,"column":63},"end":{"line":55,"column":null}},{"start":{"line":55,"column":6},"end":{"line":55,"column":null}}],"line":53},"16":{"loc":{"start":{"line":53,"column":63},"end":{"line":53,"column":null}},"type":"binary-expr","locations":[{"start":{"line":53,"column":63},"end":{"line":53,"column":null}},{"start":{"line":53,"column":63},"end":{"line":53,"column":null}}],"line":53},"17":{"loc":{"start":{"line":59,"column":0},"end":{"line":59,"column":null}},"type":"if","locations":[{"start":{"line":59,"column":0},"end":{"line":59,"column":null}},{"start":{"line":59,"column":72},"end":{"line":59,"column":null}}],"line":59},"18":{"loc":{"start":{"line":59,"column":72},"end":{"line":66,"column":null}},"type":"if","locations":[{"start":{"line":59,"column":72},"end":{"line":66,"column":null}},{"start":{"line":66,"column":7},"end":{"line":66,"column":null}}],"line":59},"19":{"loc":{"start":{"line":66,"column":7},"end":{"line":68,"column":null}},"type":"if","locations":[{"start":{"line":66,"column":7},"end":{"line":68,"column":null}},{"start":{"line":68,"column":6},"end":{"line":68,"column":null}}],"line":66},"20":{"loc":{"start":{"line":66,"column":7},"end":{"line":66,"column":null}},"type":"binary-expr","locations":[{"start":{"line":66,"column":7},"end":{"line":66,"column":null}},{"start":{"line":66,"column":7},"end":{"line":66,"column":null}}],"line":66},"21":{"loc":{"start":{"line":72,"column":0},"end":{"line":72,"column":null}},"type":"if","locations":[{"start":{"line":72,"column":0},"end":{"line":72,"column":null}},{"start":{"line":72,"column":73},"end":{"line":72,"column":null}}],"line":72},"22":{"loc":{"start":{"line":72,"column":73},"end":{"line":76,"column":null}},"type":"if","locations":[{"start":{"line":72,"column":73},"end":{"line":76,"column":null}},{"start":{"line":76,"column":53},"end":{"line":76,"column":null}}],"line":72},"23":{"loc":{"start":{"line":76,"column":53},"end":{"line":78,"column":null}},"type":"if","locations":[{"start":{"line":76,"column":53},"end":{"line":78,"column":null}},{"start":{"line":78,"column":6},"end":{"line":78,"column":null}}],"line":76},"24":{"loc":{"start":{"line":76,"column":53},"end":{"line":76,"column":null}},"type":"binary-expr","locations":[{"start":{"line":76,"column":53},"end":{"line":76,"column":null}},{"start":{"line":76,"column":53},"end":{"line":76,"column":null}}],"line":76},"25":{"loc":{"start":{"line":82,"column":0},"end":{"line":82,"column":null}},"type":"if","locations":[{"start":{"line":82,"column":0},"end":{"line":82,"column":null}},{"start":{"line":82,"column":72},"end":{"line":82,"column":null}}],"line":82},"26":{"loc":{"start":{"line":82,"column":72},"end":{"line":89,"column":null}},"type":"if","locations":[{"start":{"line":82,"column":72},"end":{"line":89,"column":null}},{"start":{"line":89,"column":7},"end":{"line":89,"column":null}}],"line":82},"27":{"loc":{"start":{"line":89,"column":7},"end":{"line":91,"column":null}},"type":"if","locations":[{"start":{"line":89,"column":7},"end":{"line":91,"column":null}},{"start":{"line":91,"column":6},"end":{"line":91,"column":null}}],"line":89},"28":{"loc":{"start":{"line":89,"column":7},"end":{"line":89,"column":null}},"type":"binary-expr","locations":[{"start":{"line":89,"column":7},"end":{"line":89,"column":null}},{"start":{"line":89,"column":7},"end":{"line":89,"column":null}}],"line":89}},"s":{"0":78,"1":78,"2":78,"3":0,"4":78,"5":78,"6":8,"7":70,"8":78,"9":78,"10":0,"11":78,"12":8,"13":8,"14":8,"15":0,"16":8,"17":8,"18":0,"19":8,"20":8,"21":0,"22":8,"23":8,"24":8,"25":8,"26":0,"27":8,"28":8,"29":0,"30":8,"31":8,"32":0,"33":8,"34":8,"35":8,"36":8,"37":0,"38":8,"39":8,"40":0,"41":8,"42":8,"43":0,"44":8,"45":0,"46":0,"47":0,"48":0,"49":0,"50":0,"51":0,"52":0,"53":0,"54":0,"55":0,"56":78,"57":78,"58":78,"59":0,"60":78,"61":8,"62":70,"63":78,"64":78,"65":0,"66":78,"67":0,"68":0,"69":0,"70":0,"71":0,"72":0,"73":0,"74":0,"75":0,"76":0,"77":0},"f":{"0":78,"1":8,"2":8,"3":8,"4":0,"5":78,"6":0},"b":{"0":[78,0],"1":[78,0],"2":[8,70],"3":[78,0],"4":[78,0,0],"5":[8,0],"6":[8,0],"7":[8,0],"8":[8,0],"9":[8,0],"10":[8,0],"11":[8,0],"12":[8,0],"13":[8,0],"14":[8,0],"15":[8,0],"16":[8,0],"17":[0,0],"18":[0,0],"19":[0,0],"20":[0,0],"21":[78,0],"22":[8,70],"23":[78,0],"24":[78,0],"25":[0,0],"26":[0,0],"27":[0,0],"28":[0,0]},"meta":{"lastBranch":29,"lastFunction":7,"lastStatement":78,"seen":{"f:5:0:5:14":0,"s:5:0:5:14":0,"b:5:0:9:Infinity:9:60:9:Infinity":0,"s:5:0:9:Infinity":1,"s:5:14:5:Infinity":2,"s:9:60:9:Infinity":3,"s:7:2:7:18":4,"b:7:2:7:18:7:2:7:18":1,"b:7:18:17:Infinity:17:7:17:Infinity":2,"s:7:18:17:Infinity":5,"s:14:17:17:7":6,"s:17:7:17:Infinity":7,"b:17:7:19:Infinity:19:6:19:Infinity":3,"s:17:7:19:Infinity":8,"b:17:7:17:Infinity:17:7:17:Infinity:17:7:17:Infinity":4,"s:11:4:18:Infinity":9,"s:19:6:19:Infinity":10,"s:19:6:11:Infinity":11,"f:23:0:23:20":1,"s:23:0:23:20":12,"b:23:0:23:Infinity:23:72:23:Infinity":5,"s:23:0:23:Infinity":13,"s:23:20:23:72":14,"s:23:72:23:Infinity":15,"b:23:72:30:Infinity:30:7:30:Infinity":6,"s:23:72:30:Infinity":16,"s:27:17:30:7":17,"s:30:7:30:Infinity":18,"b:30:7:32:Infinity:32:6:32:Infinity":7,"s:30:7:32:Infinity":19,"b:30:7:30:Infinity:30:7:30:Infinity":8,"s:25:4:31:Infinity":20,"s:32:6:32:Infinity":21,"s:32:6:25:Infinity":22,"f:36:0:36:19":2,"s:36:0:36:19":23,"b:36:0:36:Infinity:36:71:36:Infinity":9,"s:36:0:36:Infinity":24,"s:36:19:36:71":25,"s:36:71:36:Infinity":26,"b:36:71:43:Infinity:43:7:43:Infinity":10,"s:36:71:43:Infinity":27,"s:40:17:43:7":28,"s:43:7:43:Infinity":29,"b:43:7:45:Infinity:45:6:45:Infinity":11,"s:43:7:45:Infinity":30,"b:43:7:43:Infinity:43:7:43:Infinity":12,"s:38:4:44:Infinity":31,"s:45:6:45:Infinity":32,"s:45:6:38:Infinity":33,"f:49:0:49:25":3,"s:49:0:49:25":34,"b:49:0:49:Infinity:49:77:49:Infinity":13,"s:49:0:49:Infinity":35,"s:49:25:49:77":36,"s:49:77:49:Infinity":37,"b:49:77:53:Infinity:53:63:53:Infinity":14,"s:49:77:53:Infinity":38,"s:53:17:53:63":39,"s:53:63:53:Infinity":40,"b:53:63:55:Infinity:55:6:55:Infinity":15,"s:53:63:55:Infinity":41,"b:53:63:53:Infinity:53:63:53:Infinity":16,"s:51:4:54:Infinity":42,"s:55:6:55:Infinity":43,"s:55:6:51:Infinity":44,"f:59:0:59:20":4,"s:59:0:59:20":45,"b:59:0:59:Infinity:59:72:59:Infinity":17,"s:59:0:59:Infinity":46,"s:59:20:59:72":47,"s:59:72:59:Infinity":48,"b:59:72:66:Infinity:66:7:66:Infinity":18,"s:59:72:66:Infinity":49,"s:63:17:66:7":50,"s:66:7:66:Infinity":51,"b:66:7:68:Infinity:68:6:68:Infinity":19,"s:66:7:68:Infinity":52,"b:66:7:66:Infinity:66:7:66:Infinity":20,"s:61:4:67:Infinity":53,"s:68:6:68:Infinity":54,"s:68:6:61:Infinity":55,"f:72:0:72:21":5,"s:72:0:72:21":56,"b:72:0:72:Infinity:72:73:72:Infinity":21,"s:72:0:72:Infinity":57,"s:72:21:72:73":58,"s:72:73:72:Infinity":59,"b:72:73:76:Infinity:76:53:76:Infinity":22,"s:72:73:76:Infinity":60,"s:76:17:76:53":61,"s:76:53:76:Infinity":62,"b:76:53:78:Infinity:78:6:78:Infinity":23,"s:76:53:78:Infinity":63,"b:76:53:76:Infinity:76:53:76:Infinity":24,"s:74:4:77:Infinity":64,"s:78:6:78:Infinity":65,"s:78:6:74:Infinity":66,"f:82:0:82:20":6,"s:82:0:82:20":67,"b:82:0:82:Infinity:82:72:82:Infinity":25,"s:82:0:82:Infinity":68,"s:82:20:82:72":69,"s:82:72:82:Infinity":70,"b:82:72:89:Infinity:89:7:89:Infinity":26,"s:82:72:89:Infinity":71,"s:86:17:89:7":72,"s:89:7:89:Infinity":73,"b:89:7:91:Infinity:91:6:91:Infinity":27,"s:89:7:91:Infinity":74,"b:89:7:89:Infinity:89:7:89:Infinity":28,"s:84:4:90:Infinity":75,"s:91:6:91:Infinity":76,"s:91:6:84:Infinity":77},"fnNames":{}}}
,"C:\\Users\\Milton Valencia R\\Documents\\Software_Projects\\task-manager-frontend\\src\\components\\ui\\dialog.tsx": {"path":"C:\\Users\\Milton Valencia R\\Documents\\Software_Projects\\task-manager-frontend\\src\\components\\ui\\dialog.tsx","statementMap":{"0":{"start":{"line":8,"column":0},"end":{"line":8,"column":16}},"1":{"start":{"line":8,"column":0},"end":{"line":10,"column":null}},"2":{"start":{"line":8,"column":16},"end":{"line":8,"column":null}},"3":{"start":{"line":10,"column":52},"end":{"line":10,"column":null}},"4":{"start":{"line":10,"column":52},"end":{"line":11,"column":null}},"5":{"start":{"line":11,"column":9},"end":{"line":11,"column":63}},"6":{"start":{"line":11,"column":63},"end":{"line":11,"column":null}},"7":{"start":{"line":11,"column":63},"end":{"line":11,"column":41}},"8":{"start":{"line":14,"column":0},"end":{"line":14,"column":23}},"9":{"start":{"line":14,"column":0},"end":{"line":16,"column":null}},"10":{"start":{"line":14,"column":23},"end":{"line":14,"column":null}},"11":{"start":{"line":16,"column":55},"end":{"line":16,"column":null}},"12":{"start":{"line":16,"column":55},"end":{"line":17,"column":null}},"13":{"start":{"line":17,"column":9},"end":{"line":17,"column":74}},"14":{"start":{"line":17,"column":74},"end":{"line":17,"column":null}},"15":{"start":{"line":17,"column":74},"end":{"line":17,"column":44}},"16":{"start":{"line":20,"column":0},"end":{"line":20,"column":22}},"17":{"start":{"line":20,"column":0},"end":{"line":22,"column":null}},"18":{"start":{"line":20,"column":22},"end":{"line":20,"column":null}},"19":{"start":{"line":22,"column":54},"end":{"line":22,"column":null}},"20":{"start":{"line":22,"column":54},"end":{"line":23,"column":null}},"21":{"start":{"line":23,"column":9},"end":{"line":23,"column":72}},"22":{"start":{"line":23,"column":72},"end":{"line":23,"column":null}},"23":{"start":{"line":23,"column":72},"end":{"line":23,"column":43}},"24":{"start":{"line":26,"column":0},"end":{"line":26,"column":21}},"25":{"start":{"line":26,"column":0},"end":{"line":28,"column":null}},"26":{"start":{"line":26,"column":21},"end":{"line":26,"column":null}},"27":{"start":{"line":28,"column":53},"end":{"line":28,"column":null}},"28":{"start":{"line":28,"column":53},"end":{"line":29,"column":null}},"29":{"start":{"line":29,"column":9},"end":{"line":29,"column":70}},"30":{"start":{"line":29,"column":70},"end":{"line":29,"column":null}},"31":{"start":{"line":29,"column":70},"end":{"line":29,"column":42}},"32":{"start":{"line":32,"column":0},"end":{"line":32,"column":23}},"33":{"start":{"line":32,"column":0},"end":{"line":35,"column":null}},"34":{"start":{"line":32,"column":23},"end":{"line":32,"column":null}},"35":{"start":{"line":35,"column":55},"end":{"line":35,"column":null}},"36":{"start":{"line":35,"column":55},"end":{"line":42,"column":null}},"37":{"start":{"line":39,"column":17},"end":{"line":42,"column":7}},"38":{"start":{"line":42,"column":7},"end":{"line":42,"column":null}},"39":{"start":{"line":42,"column":7},"end":{"line":44,"column":null}},"40":{"start":{"line":37,"column":4},"end":{"line":43,"column":null}},"41":{"start":{"line":44,"column":6},"end":{"line":44,"column":null}},"42":{"start":{"line":44,"column":6},"end":{"line":37,"column":null}},"43":{"start":{"line":48,"column":0},"end":{"line":48,"column":23}},"44":{"start":{"line":48,"column":0},"end":{"line":55,"column":null}},"45":{"start":{"line":48,"column":23},"end":{"line":48,"column":null}},"46":{"start":{"line":55,"column":1},"end":{"line":55,"column":null}},"47":{"start":{"line":51,"column":2},"end":{"line":51,"column":24}},"48":{"start":{"line":51,"column":24},"end":{"line":58,"column":null}},"49":{"start":{"line":58,"column":6},"end":{"line":58,"column":23}},"50":{"start":{"line":58,"column":23},"end":{"line":58,"column":null}},"51":{"start":{"line":58,"column":23},"end":{"line":64,"column":null}},"52":{"start":{"line":61,"column":19},"end":{"line":64,"column":9}},"53":{"start":{"line":64,"column":9},"end":{"line":64,"column":null}},"54":{"start":{"line":64,"column":9},"end":{"line":80,"column":null}},"55":{"start":{"line":68,"column":9},"end":{"line":79,"column":null}},"56":{"start":{"line":80,"column":9},"end":{"line":80,"column":null}},"57":{"start":{"line":80,"column":9},"end":{"line":82,"column":null}},"58":{"start":{"line":57,"column":4},"end":{"line":57,"column":null}},"59":{"start":{"line":82,"column":19},"end":{"line":82,"column":null}},"60":{"start":{"line":82,"column":19},"end":{"line":57,"column":5}},"61":{"start":{"line":86,"column":0},"end":{"line":86,"column":22}},"62":{"start":{"line":86,"column":0},"end":{"line":86,"column":null}},"63":{"start":{"line":86,"column":22},"end":{"line":86,"column":74}},"64":{"start":{"line":86,"column":74},"end":{"line":86,"column":null}},"65":{"start":{"line":86,"column":74},"end":{"line":90,"column":null}},"66":{"start":{"line":90,"column":17},"end":{"line":90,"column":53}},"67":{"start":{"line":90,"column":53},"end":{"line":90,"column":null}},"68":{"start":{"line":90,"column":53},"end":{"line":92,"column":null}},"69":{"start":{"line":88,"column":4},"end":{"line":91,"column":null}},"70":{"start":{"line":92,"column":6},"end":{"line":92,"column":null}},"71":{"start":{"line":92,"column":6},"end":{"line":88,"column":null}},"72":{"start":{"line":96,"column":0},"end":{"line":96,"column":22}},"73":{"start":{"line":96,"column":0},"end":{"line":103,"column":null}},"74":{"start":{"line":96,"column":22},"end":{"line":96,"column":null}},"75":{"start":{"line":103,"column":1},"end":{"line":103,"column":null}},"76":{"start":{"line":98,"column":2},"end":{"line":98,"column":25}},"77":{"start":{"line":98,"column":25},"end":{"line":110,"column":null}},"78":{"start":{"line":107,"column":17},"end":{"line":110,"column":7}},"79":{"start":{"line":110,"column":7},"end":{"line":110,"column":null}},"80":{"start":{"line":110,"column":7},"end":{"line":118,"column":null}},"81":{"start":{"line":114,"column":7},"end":{"line":117,"column":null}},"82":{"start":{"line":118,"column":7},"end":{"line":118,"column":null}},"83":{"start":{"line":118,"column":7},"end":{"line":119,"column":null}},"84":{"start":{"line":105,"column":4},"end":{"line":119,"column":null}},"85":{"start":{"line":119,"column":10},"end":{"line":119,"column":null}},"86":{"start":{"line":119,"column":10},"end":{"line":105,"column":null}},"87":{"start":{"line":123,"column":0},"end":{"line":123,"column":21}},"88":{"start":{"line":123,"column":0},"end":{"line":126,"column":null}},"89":{"start":{"line":123,"column":21},"end":{"line":123,"column":null}},"90":{"start":{"line":126,"column":53},"end":{"line":126,"column":null}},"91":{"start":{"line":126,"column":53},"end":{"line":133,"column":null}},"92":{"start":{"line":130,"column":17},"end":{"line":133,"column":7}},"93":{"start":{"line":133,"column":7},"end":{"line":133,"column":null}},"94":{"start":{"line":133,"column":7},"end":{"line":135,"column":null}},"95":{"start":{"line":128,"column":4},"end":{"line":134,"column":null}},"96":{"start":{"line":135,"column":6},"end":{"line":135,"column":null}},"97":{"start":{"line":135,"column":6},"end":{"line":128,"column":null}},"98":{"start":{"line":139,"column":0},"end":{"line":139,"column":27}},"99":{"start":{"line":139,"column":0},"end":{"line":142,"column":null}},"100":{"start":{"line":139,"column":27},"end":{"line":139,"column":null}},"101":{"start":{"line":142,"column":59},"end":{"line":142,"column":null}},"102":{"start":{"line":142,"column":59},"end":{"line":149,"column":null}},"103":{"start":{"line":146,"column":17},"end":{"line":149,"column":7}},"104":{"start":{"line":149,"column":7},"end":{"line":149,"column":null}},"105":{"start":{"line":149,"column":7},"end":{"line":151,"column":null}},"106":{"start":{"line":144,"column":4},"end":{"line":150,"column":null}},"107":{"start":{"line":151,"column":6},"end":{"line":151,"column":null}},"108":{"start":{"line":151,"column":6},"end":{"line":144,"column":null}}},"fnMap":{"0":{"name":"Dialog","decl":{"start":{"line":8,"column":0},"end":{"line":8,"column":16}},"loc":{"start":{"line":8,"column":0},"end":{"line":11,"column":null}},"line":8},"1":{"name":"DialogTrigger","decl":{"start":{"line":14,"column":0},"end":{"line":14,"column":23}},"loc":{"start":{"line":14,"column":0},"end":{"line":17,"column":null}},"line":14},"2":{"name":"DialogPortal","decl":{"start":{"line":20,"column":0},"end":{"line":20,"column":22}},"loc":{"start":{"line":20,"column":0},"end":{"line":23,"column":null}},"line":20},"3":{"name":"DialogClose","decl":{"start":{"line":26,"column":0},"end":{"line":26,"column":21}},"loc":{"start":{"line":26,"column":0},"end":{"line":29,"column":null}},"line":26},"4":{"name":"DialogOverlay","decl":{"start":{"line":32,"column":0},"end":{"line":32,"column":23}},"loc":{"start":{"line":32,"column":0},"end":{"line":44,"column":null}},"line":32},"5":{"name":"DialogContent","decl":{"start":{"line":48,"column":0},"end":{"line":48,"column":23}},"loc":{"start":{"line":48,"column":0},"end":{"line":82,"column":null}},"line":48},"6":{"name":"DialogHeader","decl":{"start":{"line":86,"column":0},"end":{"line":86,"column":22}},"loc":{"start":{"line":86,"column":0},"end":{"line":92,"column":null}},"line":86},"7":{"name":"DialogFooter","decl":{"start":{"line":96,"column":0},"end":{"line":96,"column":22}},"loc":{"start":{"line":96,"column":0},"end":{"line":119,"column":null}},"line":96},"8":{"name":"DialogTitle","decl":{"start":{"line":123,"column":0},"end":{"line":123,"column":21}},"loc":{"start":{"line":123,"column":0},"end":{"line":135,"column":null}},"line":123},"9":{"name":"DialogDescription","decl":{"start":{"line":139,"column":0},"end":{"line":139,"column":27}},"loc":{"start":{"line":139,"column":0},"end":{"line":151,"column":null}},"line":139}},"branchMap":{"0":{"loc":{"start":{"line":8,"column":0},"end":{"line":10,"column":null}},"type":"if","locations":[{"start":{"line":8,"column":0},"end":{"line":10,"column":null}},{"start":{"line":10,"column":52},"end":{"line":10,"column":null}}],"line":8},"1":{"loc":{"start":{"line":10,"column":52},"end":{"line":11,"column":null}},"type":"if","locations":[{"start":{"line":10,"column":52},"end":{"line":11,"column":null}},{"start":{"line":11,"column":63},"end":{"line":11,"column":null}}],"line":10},"2":{"loc":{"start":{"line":14,"column":0},"end":{"line":16,"column":null}},"type":"if","locations":[{"start":{"line":14,"column":0},"end":{"line":16,"column":null}},{"start":{"line":16,"column":55},"end":{"line":16,"column":null}}],"line":14},"3":{"loc":{"start":{"line":16,"column":55},"end":{"line":17,"column":null}},"type":"if","locations":[{"start":{"line":16,"column":55},"end":{"line":17,"column":null}},{"start":{"line":17,"column":74},"end":{"line":17,"column":null}}],"line":16},"4":{"loc":{"start":{"line":20,"column":0},"end":{"line":22,"column":null}},"type":"if","locations":[{"start":{"line":20,"column":0},"end":{"line":22,"column":null}},{"start":{"line":22,"column":54},"end":{"line":22,"column":null}}],"line":20},"5":{"loc":{"start":{"line":22,"column":54},"end":{"line":23,"column":null}},"type":"if","locations":[{"start":{"line":22,"column":54},"end":{"line":23,"column":null}},{"start":{"line":23,"column":72},"end":{"line":23,"column":null}}],"line":22},"6":{"loc":{"start":{"line":26,"column":0},"end":{"line":28,"column":null}},"type":"if","locations":[{"start":{"line":26,"column":0},"end":{"line":28,"column":null}},{"start":{"line":28,"column":53},"end":{"line":28,"column":null}}],"line":26},"7":{"loc":{"start":{"line":28,"column":53},"end":{"line":29,"column":null}},"type":"if","locations":[{"start":{"line":28,"column":53},"end":{"line":29,"column":null}},{"start":{"line":29,"column":70},"end":{"line":29,"column":null}}],"line":28},"8":{"loc":{"start":{"line":32,"column":0},"end":{"line":35,"column":null}},"type":"if","locations":[{"start":{"line":32,"column":0},"end":{"line":35,"column":null}},{"start":{"line":35,"column":55},"end":{"line":35,"column":null}}],"line":32},"9":{"loc":{"start":{"line":35,"column":55},"end":{"line":42,"column":null}},"type":"if","locations":[{"start":{"line":35,"column":55},"end":{"line":42,"column":null}},{"start":{"line":42,"column":7},"end":{"line":42,"column":null}}],"line":35},"10":{"loc":{"start":{"line":42,"column":7},"end":{"line":44,"column":null}},"type":"if","locations":[{"start":{"line":42,"column":7},"end":{"line":44,"column":null}},{"start":{"line":44,"column":6},"end":{"line":44,"column":null}}],"line":42},"11":{"loc":{"start":{"line":42,"column":7},"end":{"line":42,"column":null}},"type":"binary-expr","locations":[{"start":{"line":42,"column":7},"end":{"line":42,"column":null}},{"start":{"line":42,"column":7},"end":{"line":42,"column":null}}],"line":42},"12":{"loc":{"start":{"line":48,"column":0},"end":{"line":55,"column":null}},"type":"if","locations":[{"start":{"line":48,"column":0},"end":{"line":55,"column":null}},{"start":{"line":55,"column":1},"end":{"line":55,"column":null}}],"line":48},"13":{"loc":{"start":{"line":51,"column":2},"end":{"line":51,"column":24}},"type":"cond-expr","locations":[{"start":{"line":51,"column":2},"end":{"line":51,"column":24}},{"start":{"line":51,"column":2},"end":{"line":51,"column":24}}],"line":51},"14":{"loc":{"start":{"line":51,"column":24},"end":{"line":58,"column":null}},"type":"if","locations":[{"start":{"line":51,"column":24},"end":{"line":58,"column":null}},{"start":{"line":58,"column":23},"end":{"line":58,"column":null}}],"line":51},"15":{"loc":{"start":{"line":58,"column":23},"end":{"line":64,"column":null}},"type":"if","locations":[{"start":{"line":58,"column":23},"end":{"line":64,"column":null}},{"start":{"line":64,"column":9},"end":{"line":64,"column":null}}],"line":58},"16":{"loc":{"start":{"line":64,"column":9},"end":{"line":80,"column":null}},"type":"if","locations":[{"start":{"line":64,"column":9},"end":{"line":80,"column":null}},{"start":{"line":80,"column":9},"end":{"line":80,"column":null}}],"line":64},"17":{"loc":{"start":{"line":68,"column":9},"end":{"line":79,"column":null}},"type":"binary-expr","locations":[{"start":{"line":68,"column":9},"end":{"line":68,"column":null}},{"start":{"line":69,"column":10},"end":{"line":79,"column":null}}],"line":68},"18":{"loc":{"start":{"line":80,"column":9},"end":{"line":82,"column":null}},"type":"if","locations":[{"start":{"line":80,"column":9},"end":{"line":82,"column":null}},{"start":{"line":82,"column":19},"end":{"line":82,"column":null}}],"line":80},"19":{"loc":{"start":{"line":80,"column":9},"end":{"line":80,"column":null}},"type":"binary-expr","locations":[{"start":{"line":80,"column":9},"end":{"line":80,"column":null}},{"start":{"line":80,"column":9},"end":{"line":80,"column":null}},{"start":{"line":80,"column":9},"end":{"line":80,"column":null}},{"start":{"line":80,"column":9},"end":{"line":80,"column":null}}],"line":80},"20":{"loc":{"start":{"line":86,"column":0},"end":{"line":86,"column":null}},"type":"if","locations":[{"start":{"line":86,"column":0},"end":{"line":86,"column":null}},{"start":{"line":86,"column":74},"end":{"line":86,"column":null}}],"line":86},"21":{"loc":{"start":{"line":86,"column":74},"end":{"line":90,"column":null}},"type":"if","locations":[{"start":{"line":86,"column":74},"end":{"line":90,"column":null}},{"start":{"line":90,"column":53},"end":{"line":90,"column":null}}],"line":86},"22":{"loc":{"start":{"line":90,"column":53},"end":{"line":92,"column":null}},"type":"if","locations":[{"start":{"line":90,"column":53},"end":{"line":92,"column":null}},{"start":{"line":92,"column":6},"end":{"line":92,"column":null}}],"line":90},"23":{"loc":{"start":{"line":90,"column":53},"end":{"line":90,"column":null}},"type":"binary-expr","locations":[{"start":{"line":90,"column":53},"end":{"line":90,"column":null}},{"start":{"line":90,"column":53},"end":{"line":90,"column":null}}],"line":90},"24":{"loc":{"start":{"line":96,"column":0},"end":{"line":103,"column":null}},"type":"if","locations":[{"start":{"line":96,"column":0},"end":{"line":103,"column":null}},{"start":{"line":103,"column":1},"end":{"line":103,"column":null}}],"line":96},"25":{"loc":{"start":{"line":98,"column":2},"end":{"line":98,"column":25}},"type":"cond-expr","locations":[{"start":{"line":98,"column":2},"end":{"line":98,"column":25}},{"start":{"line":98,"column":2},"end":{"line":98,"column":25}}],"line":98},"26":{"loc":{"start":{"line":98,"column":25},"end":{"line":110,"column":null}},"type":"if","locations":[{"start":{"line":98,"column":25},"end":{"line":110,"column":null}},{"start":{"line":110,"column":7},"end":{"line":110,"column":null}}],"line":98},"27":{"loc":{"start":{"line":110,"column":7},"end":{"line":118,"column":null}},"type":"if","locations":[{"start":{"line":110,"column":7},"end":{"line":118,"column":null}},{"start":{"line":118,"column":7},"end":{"line":118,"column":null}}],"line":110},"28":{"loc":{"start":{"line":114,"column":7},"end":{"line":117,"column":null}},"type":"binary-expr","locations":[{"start":{"line":114,"column":7},"end":{"line":114,"column":null}},{"start":{"line":115,"column":8},"end":{"line":117,"column":null}}],"line":114},"29":{"loc":{"start":{"line":118,"column":7},"end":{"line":119,"column":null}},"type":"if","locations":[{"start":{"line":118,"column":7},"end":{"line":119,"column":null}},{"start":{"line":119,"column":10},"end":{"line":119,"column":null}}],"line":118},"30":{"loc":{"start":{"line":118,"column":7},"end":{"line":118,"column":null}},"type":"binary-expr","locations":[{"start":{"line":118,"column":7},"end":{"line":118,"column":null}},{"start":{"line":118,"column":7},"end":{"line":118,"column":null}},{"start":{"line":118,"column":7},"end":{"line":118,"column":null}},{"start":{"line":118,"column":7},"end":{"line":118,"column":null}}],"line":118},"31":{"loc":{"start":{"line":123,"column":0},"end":{"line":126,"column":null}},"type":"if","locations":[{"start":{"line":123,"column":0},"end":{"line":126,"column":null}},{"start":{"line":126,"column":53},"end":{"line":126,"column":null}}],"line":123},"32":{"loc":{"start":{"line":126,"column":53},"end":{"line":133,"column":null}},"type":"if","locations":[{"start":{"line":126,"column":53},"end":{"line":133,"column":null}},{"start":{"line":133,"column":7},"end":{"line":133,"column":null}}],"line":126},"33":{"loc":{"start":{"line":133,"column":7},"end":{"line":135,"column":null}},"type":"if","locations":[{"start":{"line":133,"column":7},"end":{"line":135,"column":null}},{"start":{"line":135,"column":6},"end":{"line":135,"column":null}}],"line":133},"34":{"loc":{"start":{"line":133,"column":7},"end":{"line":133,"column":null}},"type":"binary-expr","locations":[{"start":{"line":133,"column":7},"end":{"line":133,"column":null}},{"start":{"line":133,"column":7},"end":{"line":133,"column":null}}],"line":133},"35":{"loc":{"start":{"line":139,"column":0},"end":{"line":142,"column":null}},"type":"if","locations":[{"start":{"line":139,"column":0},"end":{"line":142,"column":null}},{"start":{"line":142,"column":59},"end":{"line":142,"column":null}}],"line":139},"36":{"loc":{"start":{"line":142,"column":59},"end":{"line":149,"column":null}},"type":"if","locations":[{"start":{"line":142,"column":59},"end":{"line":149,"column":null}},{"start":{"line":149,"column":7},"end":{"line":149,"column":null}}],"line":142},"37":{"loc":{"start":{"line":149,"column":7},"end":{"line":151,"column":null}},"type":"if","locations":[{"start":{"line":149,"column":7},"end":{"line":151,"column":null}},{"start":{"line":151,"column":6},"end":{"line":151,"column":null}}],"line":149},"38":{"loc":{"start":{"line":149,"column":7},"end":{"line":149,"column":null}},"type":"binary-expr","locations":[{"start":{"line":149,"column":7},"end":{"line":149,"column":null}},{"start":{"line":149,"column":7},"end":{"line":149,"column":null}}],"line":149}},"s":{"0":0,"1":0,"2":0,"3":0,"4":0,"5":0,"6":0,"7":0,"8":0,"9":0,"10":0,"11":0,"12":0,"13":0,"14":0,"15":0,"16":0,"17":0,"18":0,"19":0,"20":0,"21":0,"22":0,"23":0,"24":0,"25":0,"26":0,"27":0,"28":0,"29":0,"30":0,"31":0,"32":0,"33":0,"34":0,"35":0,"36":0,"37":0,"38":0,"39":0,"40":0,"41":0,"42":0,"43":0,"44":0,"45":0,"46":0,"47":0,"48":0,"49":0,"50":0,"51":0,"52":0,"53":0,"54":0,"55":0,"56":0,"57":0,"58":0,"59":0,"60":0,"61":0,"62":0,"63":0,"64":0,"65":0,"66":0,"67":0,"68":0,"69":0,"70":0,"71":0,"72":0,"73":0,"74":0,"75":0,"76":0,"77":0,"78":0,"79":0,"80":0,"81":0,"82":0,"83":0,"84":0,"85":0,"86":0,"87":0,"88":0,"89":0,"90":0,"91":0,"92":0,"93":0,"94":0,"95":0,"96":0,"97":0,"98":0,"99":0,"100":0,"101":0,"102":0,"103":0,"104":0,"105":0,"106":0,"107":0,"108":0},"f":{"0":0,"1":0,"2":0,"3":0,"4":0,"5":0,"6":0,"7":0,"8":0,"9":0},"b":{"0":[0,0],"1":[0,0],"2":[0,0],"3":[0,0],"4":[0,0],"5":[0,0],"6":[0,0],"7":[0,0],"8":[0,0],"9":[0,0],"10":[0,0],"11":[0,0],"12":[0,0],"13":[0,0],"14":[0,0],"15":[0,0],"16":[0,0],"17":[0,0],"18":[0,0],"19":[0,0,0,0],"20":[0,0],"21":[0,0],"22":[0,0],"23":[0,0],"24":[0,0],"25":[0,0],"26":[0,0],"27":[0,0],"28":[0,0],"29":[0,0],"30":[0,0,0,0],"31":[0,0],"32":[0,0],"33":[0,0],"34":[0,0],"35":[0,0],"36":[0,0],"37":[0,0],"38":[0,0]},"meta":{"lastBranch":39,"lastFunction":10,"lastStatement":109,"seen":{"f:8:0:8:16":0,"s:8:0:8:16":0,"b:8:0:10:Infinity:10:52:10:Infinity":0,"s:8:0:10:Infinity":1,"s:8:16:8:Infinity":2,"s:10:52:10:Infinity":3,"b:10:52:11:Infinity:11:63:11:Infinity":1,"s:10:52:11:Infinity":4,"s:11:9:11:63":5,"s:11:63:11:Infinity":6,"s:11:63:11:41":7,"f:14:0:14:23":1,"s:14:0:14:23":8,"b:14:0:16:Infinity:16:55:16:Infinity":2,"s:14:0:16:Infinity":9,"s:14:23:14:Infinity":10,"s:16:55:16:Infinity":11,"b:16:55:17:Infinity:17:74:17:Infinity":3,"s:16:55:17:Infinity":12,"s:17:9:17:74":13,"s:17:74:17:Infinity":14,"s:17:74:17:44":15,"f:20:0:20:22":2,"s:20:0:20:22":16,"b:20:0:22:Infinity:22:54:22:Infinity":4,"s:20:0:22:Infinity":17,"s:20:22:20:Infinity":18,"s:22:54:22:Infinity":19,"b:22:54:23:Infinity:23:72:23:Infinity":5,"s:22:54:23:Infinity":20,"s:23:9:23:72":21,"s:23:72:23:Infinity":22,"s:23:72:23:43":23,"f:26:0:26:21":3,"s:26:0:26:21":24,"b:26:0:28:Infinity:28:53:28:Infinity":6,"s:26:0:28:Infinity":25,"s:26:21:26:Infinity":26,"s:28:53:28:Infinity":27,"b:28:53:29:Infinity:29:70:29:Infinity":7,"s:28:53:29:Infinity":28,"s:29:9:29:70":29,"s:29:70:29:Infinity":30,"s:29:70:29:42":31,"f:32:0:32:23":4,"s:32:0:32:23":32,"b:32:0:35:Infinity:35:55:35:Infinity":8,"s:32:0:35:Infinity":33,"s:32:23:32:Infinity":34,"s:35:55:35:Infinity":35,"b:35:55:42:Infinity:42:7:42:Infinity":9,"s:35:55:42:Infinity":36,"s:39:17:42:7":37,"s:42:7:42:Infinity":38,"b:42:7:44:Infinity:44:6:44:Infinity":10,"s:42:7:44:Infinity":39,"b:42:7:42:Infinity:42:7:42:Infinity":11,"s:37:4:43:Infinity":40,"s:44:6:44:Infinity":41,"s:44:6:37:Infinity":42,"f:48:0:48:23":5,"s:48:0:48:23":43,"b:48:0:55:Infinity:55:1:55:Infinity":12,"s:48:0:55:Infinity":44,"s:48:23:48:Infinity":45,"s:55:1:55:Infinity":46,"s:51:2:51:24":47,"b:51:2:51:24:51:2:51:24":13,"b:51:24:58:Infinity:58:23:58:Infinity":14,"s:51:24:58:Infinity":48,"s:58:6:58:23":49,"s:58:23:58:Infinity":50,"b:58:23:64:Infinity:64:9:64:Infinity":15,"s:58:23:64:Infinity":51,"s:61:19:64:9":52,"s:64:9:64:Infinity":53,"b:64:9:80:Infinity:80:9:80:Infinity":16,"s:64:9:80:Infinity":54,"s:68:9:79:Infinity":55,"b:68:9:68:Infinity:69:10:79:Infinity":17,"s:80:9:80:Infinity":56,"b:80:9:82:Infinity:82:19:82:Infinity":18,"s:80:9:82:Infinity":57,"b:80:9:80:Infinity:80:9:80:Infinity:80:9:80:Infinity:80:9:80:Infinity":19,"s:57:4:57:Infinity":58,"s:82:19:82:Infinity":59,"s:82:19:57:5":60,"f:86:0:86:22":6,"s:86:0:86:22":61,"b:86:0:86:Infinity:86:74:86:Infinity":20,"s:86:0:86:Infinity":62,"s:86:22:86:74":63,"s:86:74:86:Infinity":64,"b:86:74:90:Infinity:90:53:90:Infinity":21,"s:86:74:90:Infinity":65,"s:90:17:90:53":66,"s:90:53:90:Infinity":67,"b:90:53:92:Infinity:92:6:92:Infinity":22,"s:90:53:92:Infinity":68,"b:90:53:90:Infinity:90:53:90:Infinity":23,"s:88:4:91:Infinity":69,"s:92:6:92:Infinity":70,"s:92:6:88:Infinity":71,"f:96:0:96:22":7,"s:96:0:96:22":72,"b:96:0:103:Infinity:103:1:103:Infinity":24,"s:96:0:103:Infinity":73,"s:96:22:96:Infinity":74,"s:103:1:103:Infinity":75,"s:98:2:98:25":76,"b:98:2:98:25:98:2:98:25":25,"b:98:25:110:Infinity:110:7:110:Infinity":26,"s:98:25:110:Infinity":77,"s:107:17:110:7":78,"s:110:7:110:Infinity":79,"b:110:7:118:Infinity:118:7:118:Infinity":27,"s:110:7:118:Infinity":80,"s:114:7:117:Infinity":81,"b:114:7:114:Infinity:115:8:117:Infinity":28,"s:118:7:118:Infinity":82,"b:118:7:119:Infinity:119:10:119:Infinity":29,"s:118:7:119:Infinity":83,"b:118:7:118:Infinity:118:7:118:Infinity:118:7:118:Infinity:118:7:118:Infinity":30,"s:105:4:119:Infinity":84,"s:119:10:119:Infinity":85,"s:119:10:105:Infinity":86,"f:123:0:123:21":8,"s:123:0:123:21":87,"b:123:0:126:Infinity:126:53:126:Infinity":31,"s:123:0:126:Infinity":88,"s:123:21:123:Infinity":89,"s:126:53:126:Infinity":90,"b:126:53:133:Infinity:133:7:133:Infinity":32,"s:126:53:133:Infinity":91,"s:130:17:133:7":92,"s:133:7:133:Infinity":93,"b:133:7:135:Infinity:135:6:135:Infinity":33,"s:133:7:135:Infinity":94,"b:133:7:133:Infinity:133:7:133:Infinity":34,"s:128:4:134:Infinity":95,"s:135:6:135:Infinity":96,"s:135:6:128:Infinity":97,"f:139:0:139:27":9,"s:139:0:139:27":98,"b:139:0:142:Infinity:142:59:142:Infinity":35,"s:139:0:142:Infinity":99,"s:139:27:139:Infinity":100,"s:142:59:142:Infinity":101,"b:142:59:149:Infinity:149:7:149:Infinity":36,"s:142:59:149:Infinity":102,"s:146:17:149:7":103,"s:149:7:149:Infinity":104,"b:149:7:151:Infinity:151:6:151:Infinity":37,"s:149:7:151:Infinity":105,"b:149:7:149:Infinity:149:7:149:Infinity":38,"s:144:4:150:Infinity":106,"s:151:6:151:Infinity":107,"s:151:6:144:Infinity":108},"fnNames":{}}}
,"C:\\Users\\Milton Valencia R\\Documents\\Software_Projects\\task-manager-frontend\\src\\components\\ui\\dropdown-menu.tsx": {"path":"C:\\Users\\Milton Valencia R\\Documents\\Software_Projects\\task-manager-frontend\\src\\components\\ui\\dropdown-menu.tsx","statementMap":{"0":{"start":{"line":7,"column":0},"end":{"line":7,"column":22}},"1":{"start":{"line":7,"column":0},"end":{"line":9,"column":null}},"2":{"start":{"line":7,"column":22},"end":{"line":7,"column":null}},"3":{"start":{"line":9,"column":58},"end":{"line":9,"column":null}},"4":{"start":{"line":9,"column":58},"end":{"line":10,"column":null}},"5":{"start":{"line":10,"column":9},"end":{"line":10,"column":76}},"6":{"start":{"line":10,"column":76},"end":{"line":10,"column":null}},"7":{"start":{"line":10,"column":76},"end":{"line":10,"column":47}},"8":{"start":{"line":13,"column":0},"end":{"line":13,"column":28}},"9":{"start":{"line":13,"column":0},"end":{"line":15,"column":null}},"10":{"start":{"line":13,"column":28},"end":{"line":13,"column":null}},"11":{"start":{"line":15,"column":60},"end":{"line":15,"column":null}},"12":{"start":{"line":15,"column":60},"end":{"line":17,"column":null}},"13":{"start":{"line":17,"column":4},"end":{"line":17,"column":80}},"14":{"start":{"line":17,"column":80},"end":{"line":17,"column":null}},"15":{"start":{"line":17,"column":80},"end":{"line":17,"column":44}},"16":{"start":{"line":21,"column":0},"end":{"line":21,"column":29}},"17":{"start":{"line":21,"column":0},"end":{"line":23,"column":null}},"18":{"start":{"line":21,"column":29},"end":{"line":21,"column":null}},"19":{"start":{"line":23,"column":61},"end":{"line":23,"column":null}},"20":{"start":{"line":23,"column":61},"end":{"line":28,"column":null}},"21":{"start":{"line":25,"column":4},"end":{"line":27,"column":null}},"22":{"start":{"line":28,"column":6},"end":{"line":28,"column":null}},"23":{"start":{"line":28,"column":6},"end":{"line":25,"column":null}},"24":{"start":{"line":32,"column":0},"end":{"line":32,"column":29}},"25":{"start":{"line":32,"column":0},"end":{"line":37,"column":null}},"26":{"start":{"line":32,"column":29},"end":{"line":32,"column":null}},"27":{"start":{"line":37,"column":61},"end":{"line":37,"column":null}},"28":{"start":{"line":34,"column":2},"end":{"line":34,"column":null}},"29":{"start":{"line":35,"column":2},"end":{"line":35,"column":16}},"30":{"start":{"line":35,"column":16},"end":{"line":44,"column":null}},"31":{"start":{"line":44,"column":19},"end":{"line":44,"column":659}},"32":{"start":{"line":44,"column":659},"end":{"line":44,"column":null}},"33":{"start":{"line":44,"column":659},"end":{"line":47,"column":null}},"34":{"start":{"line":39,"column":4},"end":{"line":47,"column":35}},"35":{"start":{"line":47,"column":35},"end":{"line":47,"column":null}},"36":{"start":{"line":47,"column":35},"end":{"line":39,"column":null}},"37":{"start":{"line":51,"column":0},"end":{"line":51,"column":27}},"38":{"start":{"line":51,"column":0},"end":{"line":53,"column":null}},"39":{"start":{"line":51,"column":27},"end":{"line":51,"column":null}},"40":{"start":{"line":53,"column":59},"end":{"line":53,"column":null}},"41":{"start":{"line":53,"column":59},"end":{"line":55,"column":null}},"42":{"start":{"line":55,"column":4},"end":{"line":55,"column":78}},"43":{"start":{"line":55,"column":78},"end":{"line":55,"column":null}},"44":{"start":{"line":55,"column":78},"end":{"line":55,"column":43}},"45":{"start":{"line":59,"column":0},"end":{"line":59,"column":26}},"46":{"start":{"line":59,"column":0},"end":{"line":67,"column":null}},"47":{"start":{"line":59,"column":26},"end":{"line":59,"column":null}},"48":{"start":{"line":67,"column":1},"end":{"line":67,"column":null}},"49":{"start":{"line":62,"column":2},"end":{"line":62,"column":21}},"50":{"start":{"line":62,"column":21},"end":{"line":76,"column":null}},"51":{"start":{"line":73,"column":17},"end":{"line":76,"column":7}},"52":{"start":{"line":76,"column":7},"end":{"line":76,"column":null}},"53":{"start":{"line":76,"column":7},"end":{"line":78,"column":null}},"54":{"start":{"line":69,"column":4},"end":{"line":77,"column":null}},"55":{"start":{"line":78,"column":6},"end":{"line":78,"column":null}},"56":{"start":{"line":78,"column":6},"end":{"line":69,"column":null}},"57":{"start":{"line":82,"column":0},"end":{"line":82,"column":34}},"58":{"start":{"line":82,"column":0},"end":{"line":90,"column":null}},"59":{"start":{"line":82,"column":34},"end":{"line":82,"column":null}},"60":{"start":{"line":90,"column":1},"end":{"line":90,"column":null}},"61":{"start":{"line":90,"column":1},"end":{"line":98,"column":null}},"62":{"start":{"line":95,"column":17},"end":{"line":98,"column":7}},"63":{"start":{"line":98,"column":7},"end":{"line":98,"column":null}},"64":{"start":{"line":98,"column":7},"end":{"line":110,"column":null}},"65":{"start":{"line":102,"column":6},"end":{"line":110,"column":null}},"66":{"start":{"line":110,"column":13},"end":{"line":110,"column":null}},"67":{"start":{"line":110,"column":13},"end":{"line":112,"column":null}},"68":{"start":{"line":92,"column":4},"end":{"line":112,"column":41}},"69":{"start":{"line":112,"column":41},"end":{"line":112,"column":null}},"70":{"start":{"line":112,"column":41},"end":{"line":92,"column":null}},"71":{"start":{"line":116,"column":0},"end":{"line":116,"column":32}},"72":{"start":{"line":116,"column":0},"end":{"line":118,"column":null}},"73":{"start":{"line":116,"column":32},"end":{"line":116,"column":null}},"74":{"start":{"line":118,"column":64},"end":{"line":118,"column":null}},"75":{"start":{"line":118,"column":64},"end":{"line":123,"column":null}},"76":{"start":{"line":120,"column":4},"end":{"line":122,"column":null}},"77":{"start":{"line":123,"column":6},"end":{"line":123,"column":null}},"78":{"start":{"line":123,"column":6},"end":{"line":120,"column":null}},"79":{"start":{"line":127,"column":0},"end":{"line":127,"column":31}},"80":{"start":{"line":127,"column":0},"end":{"line":134,"column":null}},"81":{"start":{"line":127,"column":31},"end":{"line":127,"column":null}},"82":{"start":{"line":134,"column":1},"end":{"line":134,"column":null}},"83":{"start":{"line":134,"column":1},"end":{"line":142,"column":null}},"84":{"start":{"line":139,"column":17},"end":{"line":142,"column":7}},"85":{"start":{"line":142,"column":7},"end":{"line":142,"column":null}},"86":{"start":{"line":142,"column":7},"end":{"line":153,"column":null}},"87":{"start":{"line":145,"column":6},"end":{"line":153,"column":null}},"88":{"start":{"line":153,"column":13},"end":{"line":153,"column":null}},"89":{"start":{"line":153,"column":13},"end":{"line":155,"column":null}},"90":{"start":{"line":136,"column":4},"end":{"line":155,"column":38}},"91":{"start":{"line":155,"column":38},"end":{"line":155,"column":null}},"92":{"start":{"line":155,"column":38},"end":{"line":136,"column":null}},"93":{"start":{"line":159,"column":0},"end":{"line":159,"column":27}},"94":{"start":{"line":159,"column":0},"end":{"line":165,"column":null}},"95":{"start":{"line":159,"column":27},"end":{"line":159,"column":null}},"96":{"start":{"line":165,"column":1},"end":{"line":165,"column":null}},"97":{"start":{"line":165,"column":1},"end":{"line":173,"column":null}},"98":{"start":{"line":170,"column":17},"end":{"line":173,"column":7}},"99":{"start":{"line":173,"column":7},"end":{"line":173,"column":null}},"100":{"start":{"line":173,"column":7},"end":{"line":175,"column":null}},"101":{"start":{"line":167,"column":4},"end":{"line":174,"column":null}},"102":{"start":{"line":175,"column":6},"end":{"line":175,"column":null}},"103":{"start":{"line":175,"column":6},"end":{"line":167,"column":null}},"104":{"start":{"line":179,"column":0},"end":{"line":179,"column":31}},"105":{"start":{"line":179,"column":0},"end":{"line":182,"column":null}},"106":{"start":{"line":179,"column":31},"end":{"line":179,"column":null}},"107":{"start":{"line":182,"column":63},"end":{"line":182,"column":null}},"108":{"start":{"line":182,"column":63},"end":{"line":186,"column":null}},"109":{"start":{"line":186,"column":17},"end":{"line":186,"column":59}},"110":{"start":{"line":186,"column":59},"end":{"line":186,"column":null}},"111":{"start":{"line":186,"column":59},"end":{"line":188,"column":null}},"112":{"start":{"line":184,"column":4},"end":{"line":187,"column":null}},"113":{"start":{"line":188,"column":6},"end":{"line":188,"column":null}},"114":{"start":{"line":188,"column":6},"end":{"line":184,"column":null}},"115":{"start":{"line":192,"column":0},"end":{"line":192,"column":30}},"116":{"start":{"line":192,"column":0},"end":{"line":195,"column":null}},"117":{"start":{"line":192,"column":30},"end":{"line":192,"column":null}},"118":{"start":{"line":195,"column":31},"end":{"line":195,"column":null}},"119":{"start":{"line":195,"column":31},"end":{"line":202,"column":null}},"120":{"start":{"line":199,"column":17},"end":{"line":202,"column":7}},"121":{"start":{"line":202,"column":7},"end":{"line":202,"column":null}},"122":{"start":{"line":202,"column":7},"end":{"line":204,"column":null}},"123":{"start":{"line":197,"column":4},"end":{"line":203,"column":null}},"124":{"start":{"line":204,"column":6},"end":{"line":204,"column":null}},"125":{"start":{"line":204,"column":6},"end":{"line":197,"column":null}},"126":{"start":{"line":208,"column":0},"end":{"line":208,"column":25}},"127":{"start":{"line":208,"column":0},"end":{"line":210,"column":null}},"128":{"start":{"line":208,"column":25},"end":{"line":208,"column":null}},"129":{"start":{"line":210,"column":57},"end":{"line":210,"column":null}},"130":{"start":{"line":210,"column":57},"end":{"line":211,"column":null}},"131":{"start":{"line":211,"column":9},"end":{"line":211,"column":79}},"132":{"start":{"line":211,"column":79},"end":{"line":211,"column":null}},"133":{"start":{"line":211,"column":79},"end":{"line":211,"column":46}},"134":{"start":{"line":214,"column":0},"end":{"line":214,"column":32}},"135":{"start":{"line":214,"column":0},"end":{"line":221,"column":null}},"136":{"start":{"line":214,"column":32},"end":{"line":214,"column":null}},"137":{"start":{"line":221,"column":1},"end":{"line":221,"column":null}},"138":{"start":{"line":221,"column":1},"end":{"line":229,"column":null}},"139":{"start":{"line":226,"column":17},"end":{"line":229,"column":7}},"140":{"start":{"line":229,"column":7},"end":{"line":229,"column":null}},"141":{"start":{"line":229,"column":7},"end":{"line":233,"column":null}},"142":{"start":{"line":233,"column":6},"end":{"line":233,"column":46}},"143":{"start":{"line":233,"column":46},"end":{"line":233,"column":null}},"144":{"start":{"line":233,"column":46},"end":{"line":234,"column":null}},"145":{"start":{"line":223,"column":4},"end":{"line":234,"column":39}},"146":{"start":{"line":234,"column":39},"end":{"line":234,"column":null}},"147":{"start":{"line":234,"column":39},"end":{"line":223,"column":null}},"148":{"start":{"line":238,"column":0},"end":{"line":238,"column":32}},"149":{"start":{"line":238,"column":0},"end":{"line":241,"column":null}},"150":{"start":{"line":238,"column":32},"end":{"line":238,"column":null}},"151":{"start":{"line":241,"column":64},"end":{"line":241,"column":null}},"152":{"start":{"line":241,"column":64},"end":{"line":245,"column":null}},"153":{"start":{"line":245,"column":17},"end":{"line":245,"column":512}},"154":{"start":{"line":245,"column":512},"end":{"line":245,"column":null}},"155":{"start":{"line":245,"column":512},"end":{"line":247,"column":null}},"156":{"start":{"line":243,"column":4},"end":{"line":246,"column":null}},"157":{"start":{"line":247,"column":6},"end":{"line":247,"column":null}},"158":{"start":{"line":247,"column":6},"end":{"line":243,"column":null}}},"fnMap":{"0":{"name":"DropdownMenu","decl":{"start":{"line":7,"column":0},"end":{"line":7,"column":22}},"loc":{"start":{"line":7,"column":0},"end":{"line":10,"column":null}},"line":7},"1":{"name":"DropdownMenuPortal","decl":{"start":{"line":13,"column":0},"end":{"line":13,"column":28}},"loc":{"start":{"line":13,"column":0},"end":{"line":17,"column":null}},"line":13},"2":{"name":"DropdownMenuTrigger","decl":{"start":{"line":21,"column":0},"end":{"line":21,"column":29}},"loc":{"start":{"line":21,"column":0},"end":{"line":28,"column":null}},"line":21},"3":{"name":"DropdownMenuContent","decl":{"start":{"line":32,"column":0},"end":{"line":32,"column"
[...]
,"C:\\Users\\Milton Valencia R\\Documents\\Software_Projects\\task-manager-frontend\\src\\views\\Login\\Login.tsx": {"path":"C:\\Users\\Milton Valencia R\\Documents\\Software_Projects\\task-manager-frontend\\src\\views\\Login\\Login.tsx","statementMap":{"0":{"start":{"line":16,"column":6},"end":{"line":96,"column":null}},"1":{"start":{"line":16,"column":14},"end":{"line":16,"column":null}},"2":{"start":{"line":17,"column":1},"end":{"line":17,"column":null}},"3":{"start":{"line":18,"column":1},"end":{"line":18,"column":null}},"4":{"start":{"line":20,"column":1},"end":{"line":20,"column":32}},"5":{"start":{"line":20,"column":32},"end":{"line":45,"column":3}},"6":{"start":{"line":22,"column":22},"end":{"line":44,"column":null}},"7":{"start":{"line":23,"column":2},"end":{"line":23,"column":20}},"8":{"start":{"line":25,"column":2},"end":{"line":43,"column":null}},"9":{"start":{"line":26,"column":20},"end":{"line":29,"column":null}},"10":{"start":{"line":31,"column":3},"end":{"line":31,"column":null}},"11":{"start":{"line":33,"column":3},"end":{"line":33,"column":null}},"12":{"start":{"line":34,"column":3},"end":{"line":34,"column":25}},"13":{"start":{"line":35,"column":11},"end":{"line":35,"column":null}},"14":{"start":{"line":36,"column":3},"end":{"line":42,"column":null}},"15":{"start":{"line":39,"column":5},"end":{"line":39,"column":10}},"16":{"start":{"line":40,"column":4},"end":{"line":40,"column":30}},"17":{"start":{"line":42,"column":4},"end":{"line":42,"column":59}},"18":{"start":{"line":45,"column":2},"end":{"line":45,"column":3}},"19":{"start":{"line":22,"column":22},"end":{"line":22,"column":null}},"20":{"start":{"line":45,"column":3},"end":{"line":54,"column":null}},"21":{"start":{"line":49,"column":4},"end":{"line":49,"column":null}},"22":{"start":{"line":54,"column":17},"end":{"line":54,"column":null}},"23":{"start":{"line":54,"column":17},"end":{"line":59,"column":null}},"24":{"start":{"line":59,"column":8},"end":{"line":59,"column":23}},"25":{"start":{"line":59,"column":44},"end":{"line":59,"column":null}},"26":{"start":{"line":59,"column":44},"end":{"line":67,"column":null}},"27":{"start":{"line":58,"column":7},"end":{"line":67,"column":null}},"28":{"start":{"line":65,"column":26},"end":{"line":65,"column":50}},"29":{"start":{"line":67,"column":13},"end":{"line":67,"column":null}},"30":{"start":{"line":67,"column":13},"end":{"line":77,"column":null}},"31":{"start":{"line":69,"column":8},"end":{"line":77,"column":null}},"32":{"start":{"line":77,"column":14},"end":{"line":77,"column":null}},"33":{"start":{"line":77,"column":14},"end":{"line":85,"column":null}},"34":{"start":{"line":68,"column":7},"end":{"line":85,"column":null}},"35":{"start":{"line":83,"column":26},"end":{"line":83,"column":53}},"36":{"start":{"line":85,"column":13},"end":{"line":85,"column":null}},"37":{"start":{"line":85,"column":13},"end":{"line":88,"column":null}},"38":{"start":{"line":86,"column":7},"end":{"line":88,"column":null}},"39":{"start":{"line":88,"column":13},"end":{"line":88,"column":null}},"40":{"start":{"line":88,"column":13},"end":{"line":92,"column":null}},"41":{"start":{"line":57,"column":6},"end":{"line":92,"column":null}},"42":{"start":{"line":92,"column":12},"end":{"line":92,"column":null}},"43":{"start":{"line":92,"column":12},"end":{"line":96,"column":null}},"44":{"start":{"line":47,"column":2},"end":{"line":96,"column":null}},"45":{"start":{"line":96,"column":8},"end":{"line":96,"column":null}},"46":{"start":{"line":96,"column":8},"end":{"line":47,"column":null}}},"fnMap":{"0":{"name":"(anonymous_0)","decl":{"start":{"line":16,"column":6},"end":{"line":16,"column":14}},"loc":{"start":{"line":16,"column":14},"end":{"line":96,"column":null}},"line":16},"1":{"name":"(anonymous_1)","decl":{"start":{"line":22,"column":22},"end":{"line":22,"column":null}},"loc":{"start":{"line":22,"column":22},"end":{"line":44,"column":null}},"line":22},"2":{"name":"(anonymous_2)","decl":{"start":{"line":65,"column":19},"end":{"line":65,"column":26}},"loc":{"start":{"line":65,"column":26},"end":{"line":65,"column":50}},"line":65},"3":{"name":"(anonymous_3)","decl":{"start":{"line":83,"column":19},"end":{"line":83,"column":26}},"loc":{"start":{"line":83,"column":26},"end":{"line":83,"column":53}},"line":83}},"branchMap":{"0":{"loc":{"start":{"line":20,"column":32},"end":{"line":45,"column":3}},"type":"if","locations":[{"start":{"line":20,"column":32},"end":{"line":45,"column":3}},{"start":{"line":45,"column":2},"end":{"line":45,"column":3}}],"line":20},"1":{"loc":{"start":{"line":20,"column":32},"end":{"line":20,"column":null}},"type":"binary-expr","locations":[{"start":{"line":20,"column":32},"end":{"line":20,"column":null}},{"start":{"line":20,"column":32},"end":{"line":20,"column":null}},{"start":{"line":20,"column":32},"end":{"line":20,"column":null}}],"line":20},"2":{"loc":{"start":{"line":36,"column":3},"end":{"line":42,"column":null}},"type":"if","locations":[{"start":{"line":36,"column":3},"end":{"line":42,"column":null}},{"start":{"line":40,"column":30},"end":{"line":42,"column":null}}],"line":36},"3":{"loc":{"start":{"line":39,"column":5},"end":{"line":39,"column":10}},"type":"binary-expr","locations":[{"start":{"line":39,"column":5},"end":{"line":39,"column":null}},{"start":{"line":39,"column":5},"end":{"line":39,"column":10}}],"line":39},"4":{"loc":{"start":{"line":45,"column":3},"end":{"line":54,"column":null}},"type":"if","locations":[{"start":{"line":45,"column":3},"end":{"line":54,"column":null}},{"start":{"line":54,"column":17},"end":{"line":54,"column":null}}],"line":45},"5":{"loc":{"start":{"line":54,"column":17},"end":{"line":59,"column":null}},"type":"if","locations":[{"start":{"line":54,"column":17},"end":{"line":59,"column":null}},{"start":{"line":59,"column":44},"end":{"line":59,"column":null}}],"line":54},"6":{"loc":{"start":{"line":59,"column":44},"end":{"line":67,"column":null}},"type":"if","locations":[{"start":{"line":59,"column":44},"end":{"line":67,"column":null}},{"start":{"line":67,"column":13},"end":{"line":67,"column":null}}],"line":59},"7":{"loc":{"start":{"line":67,"column":13},"end":{"line":77,"column":null}},"type":"if","locations":[{"start":{"line":67,"column":13},"end":{"line":77,"column":null}},{"start":{"line":77,"column":14},"end":{"line":77,"column":null}}],"line":67},"8":{"loc":{"start":{"line":77,"column":14},"end":{"line":85,"column":null}},"type":"if","locations":[{"start":{"line":77,"column":14},"end":{"line":85,"column":null}},{"start":{"line":85,"column":13},"end":{"line":85,"column":null}}],"line":77},"9":{"loc":{"start":{"line":85,"column":13},"end":{"line":88,"column":null}},"type":"if","locations":[{"start":{"line":85,"column":13},"end":{"line":88,"column":null}},{"start":{"line":88,"column":13},"end":{"line":88,"column":null}}],"line":85},"10":{"loc":{"start":{"line":88,"column":13},"end":{"line":92,"column":null}},"type":"if","locations":[{"start":{"line":88,"column":13},"end":{"line":92,"column":null}},{"start":{"line":92,"column":12},"end":{"line":92,"column":null}}],"line":88},"11":{"loc":{"start":{"line":92,"column":12},"end":{"line":96,"column":null}},"type":"if","locations":[{"start":{"line":92,"column":12},"end":{"line":96,"column":null}},{"start":{"line":96,"column":8},"end":{"line":96,"column":null}}],"line":92}},"s":{"0":1,"1":38,"2":38,"3":38,"4":38,"5":38,"6":38,"7":1,"8":1,"9":1,"10":1,"11":1,"12":1,"13":0,"14":0,"15":0,"16":0,"17":0,"18":0,"19":38,"20":38,"21":3,"22":35,"23":38,"24":3,"25":35,"26":38,"27":3,"28":26,"29":35,"30":38,"31":3,"32":35,"33":38,"34":3,"35":8,"36":35,"37":38,"38":3,"39":35,"40":38,"41":3,"42":35,"43":38,"44":38,"45":0,"46":38},"f":{"0":38,"1":1,"2":26,"3":8},"b":{"0":[38,0],"1":[38,9,8],"2":[0,0],"3":[0,0],"4":[3,35],"5":[3,35],"6":[3,35],"7":[3,35],"8":[3,35],"9":[3,35],"10":[3,35],"11":[38,0]},"meta":{"lastBranch":12,"lastFunction":4,"lastStatement":47,"seen":{"s:16:6:96:Infinity":0,"f:16:6:16:14":0,"s:16:14:16:Infinity":1,"s:17:1:17:Infinity":2,"s:18:1:18:Infinity":3,"s:20:1:20:32":4,"b:20:32:45:3:45:2:45:3":0,"s:20:32:45:3":5,"b:20:32:20:Infinity:20:32:20:Infinity:20:32:20:Infinity":1,"s:22:22:44:Infinity":6,"f:22:22:22:Infinity":1,"s:23:2:23:20":7,"s:25:2:43:Infinity":8,"s:26:20:29:Infinity":9,"s:31:3:31:Infinity":10,"s:33:3:33:Infinity":11,"s:34:3:34:25":12,"s:35:11:35:Infinity":13,"b:36:3:42:Infinity:40:30:42:Infinity":2,"s:36:3:42:Infinity":14,"s:39:5:39:10":15,"b:39:5:39:Infinity:39:5:39:10":3,"s:40:4:40:30":16,"s:42:4:42:59":17,"s:45:2:45:3":18,"s:22:22:22:Infinity":19,"b:45:3:54:Infinity:54:17:54:Infinity":4,"s:45:3:54:Infinity":20,"s:49:4:49:Infinity":21,"s:54:17:54:Infinity":22,"b:54:17:59:Infinity:59:44:59:Infinity":5,"s:54:17:59:Infinity":23,"s:59:8:59:23":24,"s:59:44:59:Infinity":25,"b:59:44:67:Infinity:67:13:67:Infinity":6,"s:59:44:67:Infinity":26,"s:58:7:67:Infinity":27,"f:65:19:65:26":2,"s:65:26:65:50":28,"s:67:13:67:Infinity":29,"b:67:13:77:Infinity:77:14:77:Infinity":7,"s:67:13:77:Infinity":30,"s:69:8:77:Infinity":31,"s:77:14:77:Infinity":32,"b:77:14:85:Infinity:85:13:85:Infinity":8,"s:77:14:85:Infinity":33,"s:68:7:85:Infinity":34,"f:83:19:83:26":3,"s:83:26:83:53":35,"s:85:13:85:Infinity":36,"b:85:13:88:Infinity:88:13:88:Infinity":9,"s:85:13:88:Infinity":37,"s:86:7:88:Infinity":38,"s:88:13:88:Infinity":39,"b:88:13:92:Infinity:92:12:92:Infinity":10,"s:88:13:92:Infinity":40,"s:57:6:92:Infinity":41,"s:92:12:92:Infinity":42,"b:92:12:96:Infinity:96:8:96:Infinity":11,"s:92:12:96:Infinity":43,"s:47:2:96:Infinity":44,"s:96:8:96:Infinity":45,"s:96:8:47:Infinity":46},"fnNames":{}}}
,"C:\\Users\\Milton Valencia R\\Documents\\Software_Projects\\task-manager-frontend\\src\\views\\Register\\Register.tsx": {"path":"C:\\Users\\Milton Valencia R\\Documents\\Software_Projects\\task-manager-frontend\\src\\views\\Register\\Register.tsx","statementMap":{"0":{"start":{"line":17,"column":6},"end":{"line":91,"column":null}},"1":{"start":{"line":17,"column":17},"end":{"line":17,"column":null}},"2":{"start":{"line":18,"column":1},"end":{"line":18,"column":null}},"3":{"start":{"line":19,"column":1},"end":{"line":19,"column":null}},"4":{"start":{"line":21,"column":1},"end":{"line":21,"column":32}},"5":{"start":{"line":21,"column":32},"end":{"line":44,"column":3}},"6":{"start":{"line":23,"column":22},"end":{"line":43,"column":null}},"7":{"start":{"line":24,"column":2},"end":{"line":24,"column":20}},"8":{"start":{"line":26,"column":2},"end":{"line":42,"column":null}},"9":{"start":{"line":27,"column":20},"end":{"line":30,"column":null}},"10":{"start":{"line":32,"column":3},"end":{"line":32,"column":null}},"11":{"start":{"line":34,"column":3},"end":{"line":34,"column":21}},"12":{"start":{"line":35,"column":11},"end":{"line":35,"column":null}},"13":{"start":{"line":36,"column":3},"end":{"line":39,"column":null}},"14":{"start":{"line":38,"column":5},"end":{"line":38,"column":10}},"15":{"start":{"line":39,"column":4},"end":{"line":39,"column":30}},"16":{"start":{"line":42,"column":3},"end":{"line":42,"column":21}},"17":{"start":{"line":44,"column":2},"end":{"line":44,"column":3}},"18":{"start":{"line":23,"column":22},"end":{"line":23,"column":null}},"19":{"start":{"line":44,"column":3},"end":{"line":53,"column":null}},"20":{"start":{"line":48,"column":3},"end":{"line":48,"column":null}},"21":{"start":{"line":53,"column":16},"end":{"line":53,"column":null}},"22":{"start":{"line":53,"column":16},"end":{"line":58,"column":null}},"23":{"start":{"line":58,"column":7},"end":{"line":58,"column":22}},"24":{"start":{"line":58,"column":43},"end":{"line":58,"column":null}},"25":{"start":{"line":58,"column":43},"end":{"line":66,"column":null}},"26":{"start":{"line":57,"column":6},"end":{"line":66,"column":null}},"27":{"start":{"line":64,"column":25},"end":{"line":64,"column":49}},"28":{"start":{"line":66,"column":12},"end":{"line":66,"column":null}},"29":{"start":{"line":66,"column":12},"end":{"line":76,"column":null}},"30":{"start":{"line":68,"column":7},"end":{"line":76,"column":null}},"31":{"start":{"line":76,"column":13},"end":{"line":76,"column":null}},"32":{"start":{"line":76,"column":13},"end":{"line":84,"column":null}},"33":{"start":{"line":67,"column":6},"end":{"line":84,"column":null}},"34":{"start":{"line":82,"column":25},"end":{"line":82,"column":52}},"35":{"start":{"line":84,"column":12},"end":{"line":84,"column":null}},"36":{"start":{"line":84,"column":12},"end":{"line":88,"column":null}},"37":{"start":{"line":56,"column":5},"end":{"line":88,"column":null}},"38":{"start":{"line":88,"column":11},"end":{"line":88,"column":null}},"39":{"start":{"line":88,"column":11},"end":{"line":91,"column":null}},"40":{"start":{"line":47,"column":2},"end":{"line":47,"column":18}},"41":{"start":{"line":91,"column":9},"end":{"line":91,"column":null}},"42":{"start":{"line":91,"column":9},"end":{"line":47,"column":3}}},"fnMap":{"0":{"name":"(anonymous_0)","decl":{"start":{"line":17,"column":6},"end":{"line":17,"column":17}},"loc":{"start":{"line":17,"column":17},"end":{"line":91,"column":null}},"line":17},"1":{"name":"(anonymous_1)","decl":{"start":{"line":23,"column":22},"end":{"line":23,"column":null}},"loc":{"start":{"line":23,"column":22},"end":{"line":43,"column":null}},"line":23},"2":{"name":"(anonymous_2)","decl":{"start":{"line":64,"column":18},"end":{"line":64,"column":25}},"loc":{"start":{"line":64,"column":25},"end":{"line":64,"column":49}},"line":64},"3":{"name":"(anonymous_3)","decl":{"start":{"line":82,"column":18},"end":{"line":82,"column":25}},"loc":{"start":{"line":82,"column":25},"end":{"line":82,"column":52}},"line":82}},"branchMap":{"0":{"loc":{"start":{"line":21,"column":32},"end":{"line":44,"column":3}},"type":"if","locations":[{"start":{"line":21,"column":32},"end":{"line":44,"column":3}},{"start":{"line":44,"column":2},"end":{"line":44,"column":3}}],"line":21},"1":{"loc":{"start":{"line":21,"column":32},"end":{"line":21,"column":null}},"type":"binary-expr","locations":[{"start":{"line":21,"column":32},"end":{"line":21,"column":null}},{"start":{"line":21,"column":32},"end":{"line":21,"column":null}},{"start":{"line":21,"column":32},"end":{"line":21,"column":null}}],"line":21},"2":{"loc":{"start":{"line":36,"column":3},"end":{"line":39,"column":null}},"type":"if","locations":[{"start":{"line":36,"column":3},"end":{"line":39,"column":null}},{"start":{},"end":{}}],"line":36},"3":{"loc":{"start":{"line":38,"column":5},"end":{"line":38,"column":10}},"type":"binary-expr","locations":[{"start":{"line":38,"column":5},"end":{"line":38,"column":null}},{"start":{"line":38,"column":5},"end":{"line":38,"column":10}}],"line":38},"4":{"loc":{"start":{"line":44,"column":3},"end":{"line":53,"column":null}},"type":"if","locations":[{"start":{"line":44,"column":3},"end":{"line":53,"column":null}},{"start":{"line":53,"column":16},"end":{"line":53,"column":null}}],"line":44},"5":{"loc":{"start":{"line":53,"column":16},"end":{"line":58,"column":null}},"type":"if","locations":[{"start":{"line":53,"column":16},"end":{"line":58,"column":null}},{"start":{"line":58,"column":43},"end":{"line":58,"column":null}}],"line":53},"6":{"loc":{"start":{"line":58,"column":43},"end":{"line":66,"column":null}},"type":"if","locations":[{"start":{"line":58,"column":43},"end":{"line":66,"column":null}},{"start":{"line":66,"column":12},"end":{"line":66,"column":null}}],"line":58},"7":{"loc":{"start":{"line":66,"column":12},"end":{"line":76,"column":null}},"type":"if","locations":[{"start":{"line":66,"column":12},"end":{"line":76,"column":null}},{"start":{"line":76,"column":13},"end":{"line":76,"column":null}}],"line":66},"8":{"loc":{"start":{"line":76,"column":13},"end":{"line":84,"column":null}},"type":"if","locations":[{"start":{"line":76,"column":13},"end":{"line":84,"column":null}},{"start":{"line":84,"column":12},"end":{"line":84,"column":null}}],"line":76},"9":{"loc":{"start":{"line":84,"column":12},"end":{"line":88,"column":null}},"type":"if","locations":[{"start":{"line":84,"column":12},"end":{"line":88,"column":null}},{"start":{"line":88,"column":11},"end":{"line":88,"column":null}}],"line":84},"10":{"loc":{"start":{"line":88,"column":11},"end":{"line":91,"column":null}},"type":"if","locations":[{"start":{"line":88,"column":11},"end":{"line":91,"column":null}},{"start":{"line":91,"column":9},"end":{"line":91,"column":null}}],"line":88}},"s":{"0":1,"1":38,"2":38,"3":38,"4":38,"5":38,"6":38,"7":1,"8":1,"9":1,"10":1,"11":1,"12":0,"13":0,"14":0,"15":0,"16":0,"17":0,"18":38,"19":38,"20":3,"21":35,"22":38,"23":3,"24":35,"25":38,"26":3,"27":26,"28":35,"29":38,"30":3,"31":35,"32":38,"33":3,"34":8,"35":35,"36":38,"37":3,"38":35,"39":38,"40":38,"41":0,"42":38},"f":{"0":38,"1":1,"2":26,"3":8},"b":{"0":[38,0],"1":[38,9,8],"2":[0,0],"3":[0,0],"4":[3,35],"5":[3,35],"6":[3,35],"7":[3,35],"8":[3,35],"9":[3,35],"10":[38,0]},"meta":{"lastBranch":11,"lastFunction":4,"lastStatement":43,"seen":{"s:17:6:91:Infinity":0,"f:17:6:17:17":0,"s:17:17:17:Infinity":1,"s:18:1:18:Infinity":2,"s:19:1:19:Infinity":3,"s:21:1:21:32":4,"b:21:32:44:3:44:2:44:3":0,"s:21:32:44:3":5,"b:21:32:21:Infinity:21:32:21:Infinity:21:32:21:Infinity":1,"s:23:22:43:Infinity":6,"f:23:22:23:Infinity":1,"s:24:2:24:20":7,"s:26:2:42:Infinity":8,"s:27:20:30:Infinity":9,"s:32:3:32:Infinity":10,"s:34:3:34:21":11,"s:35:11:35:Infinity":12,"b:36:3:39:Infinity:undefined:undefined:undefined:undefined":2,"s:36:3:39:Infinity":13,"s:38:5:38:10":14,"b:38:5:38:Infinity:38:5:38:10":3,"s:39:4:39:30":15,"s:42:3:42:21":16,"s:44:2:44:3":17,"s:23:22:23:Infinity":18,"b:44:3:53:Infinity:53:16:53:Infinity":4,"s:44:3:53:Infinity":19,"s:48:3:48:Infinity":20,"s:53:16:53:Infinity":21,"b:53:16:58:Infinity:58:43:58:Infinity":5,"s:53:16:58:Infinity":22,"s:58:7:58:22":23,"s:58:43:58:Infinity":24,"b:58:43:66:Infinity:66:12:66:Infinity":6,"s:58:43:66:Infinity":25,"s:57:6:66:Infinity":26,"f:64:18:64:25":2,"s:64:25:64:49":27,"s:66:12:66:Infinity":28,"b:66:12:76:Infinity:76:13:76:Infinity":7,"s:66:12:76:Infinity":29,"s:68:7:76:Infinity":30,"s:76:13:76:Infinity":31,"b:76:13:84:Infinity:84:12:84:Infinity":8,"s:76:13:84:Infinity":32,"s:67:6:84:Infinity":33,"f:82:18:82:25":3,"s:82:25:82:52":34,"s:84:12:84:Infinity":35,"b:84:12:88:Infinity:88:11:88:Infinity":9,"s:84:12:88:Infinity":36,"s:56:5:88:Infinity":37,"s:88:11:88:Infinity":38,"b:88:11:91:Infinity:91:9:91:Infinity":10,"s:88:11:91:Infinity":39,"s:47:2:47:18":40,"s:91:9:91:Infinity":41,"s:91:9:47:3":42},"fnNames":{}}}
}
